{
  "stats": {
    "suites": 1,
    "tests": 7,
    "passes": 7,
    "pending": 0,
    "failures": 0,
    "start": "2023-04-18T11:30:02.639Z",
    "end": "2023-04-18T11:30:02.861Z",
    "duration": 222,
    "testsRegistered": 7,
    "passPercent": 100,
    "pendingPercent": 0,
    "other": 0,
    "hasOther": false,
    "skipped": 0,
    "hasSkipped": false
  },
  "results": [
    {
      "uuid": "dd6c3ade-a044-490b-b4bc-5907d0451d83",
      "title": "",
      "fullFile": "cypress/integration/usuarios.spec.js",
      "file": "cypress/integration/usuarios.spec.js",
      "beforeHooks": [],
      "afterHooks": [],
      "tests": [],
      "suites": [
        {
          "uuid": "78f49c1f-2816-408e-a43c-ab5dd776ee1b",
          "title": "Testes da Funcionalidade Usuários",
          "fullFile": "",
          "file": "",
          "beforeHooks": [],
          "afterHooks": [],
          "tests": [
            {
              "title": "Deve validar contrato de usuarios",
              "fullTitle": "Testes da Funcionalidade Usuários Deve validar contrato de usuarios",
              "timedOut": null,
              "duration": 45,
              "state": "passed",
              "speed": "medium",
              "pass": true,
              "fail": false,
              "pending": false,
              "context": null,
              "code": "cy.request('usuarios').then(response => {\n  return _usuarios.default.validateAsync(response.body);\n});",
              "err": {},
              "uuid": "d7bf6873-fcb8-4835-bb57-5828e7edfb0b",
              "parentUUID": "78f49c1f-2816-408e-a43c-ab5dd776ee1b",
              "isHook": false,
              "skipped": false
            },
            {
              "title": "Deve listar usuários cadastrados",
              "fullTitle": "Testes da Funcionalidade Usuários Deve listar usuários cadastrados",
              "timedOut": null,
              "duration": 27,
              "state": "passed",
              "speed": "fast",
              "pass": true,
              "fail": false,
              "pending": false,
              "context": null,
              "code": "cy.request({\n  method: 'GET',\n  url: 'usuarios'\n}).then(response => {\n  //expect(response.body.usuarios[0].nome).to.equal('Fulano da Silva')\n  expect(response.status).to.equal(200);\n  expect(response.body).to.have.property('usuarios');\n  expect(response.duration).to.be.lessThan(20);\n});",
              "err": {},
              "uuid": "ace67a8a-5867-4ac9-87bb-4913273620cb",
              "parentUUID": "78f49c1f-2816-408e-a43c-ab5dd776ee1b",
              "isHook": false,
              "skipped": false
            },
            {
              "title": "Deve cadastrar um usuário com sucesso",
              "fullTitle": "Testes da Funcionalidade Usuários Deve cadastrar um usuário com sucesso",
              "timedOut": null,
              "duration": 23,
              "state": "passed",
              "speed": "fast",
              "pass": true,
              "fail": false,
              "pending": false,
              "context": null,
              "code": "let name = `User ${Math.floor(Math.random() * 100000000)}`;\nlet email = `Email${Math.floor(Math.random() * 100000000)}@qa.com`;\nlet password = `Password ${Math.floor(Math.random() * 100000000)}`;\ncy.request({\n  method: 'POST',\n  url: 'usuarios',\n  body: {\n    \"nome\": name,\n    \"email\": email,\n    \"password\": password,\n    \"administrador\": \"true\"\n  }\n}).then(response => {\n  expect(response.status).to.equal(201);\n  expect(response.body.message).to.equal('Cadastro realizado com sucesso');\n});",
              "err": {},
              "uuid": "f97b57be-b281-4540-9979-659ce2b59909",
              "parentUUID": "78f49c1f-2816-408e-a43c-ab5dd776ee1b",
              "isHook": false,
              "skipped": false
            },
            {
              "title": "Deve validar um usuário com email inválido",
              "fullTitle": "Testes da Funcionalidade Usuários Deve validar um usuário com email inválido",
              "timedOut": null,
              "duration": 4,
              "state": "passed",
              "speed": "fast",
              "pass": true,
              "fail": false,
              "pending": false,
              "context": null,
              "code": "//TODO:",
              "err": {},
              "uuid": "b01a51a8-5460-4ec2-8f57-b10c0630a2ea",
              "parentUUID": "78f49c1f-2816-408e-a43c-ab5dd776ee1b",
              "isHook": false,
              "skipped": false
            },
            {
              "title": "Deve validar um usuário com email inválido",
              "fullTitle": "Testes da Funcionalidade Usuários Deve validar um usuário com email inválido",
              "timedOut": null,
              "duration": 19,
              "state": "passed",
              "speed": "fast",
              "pass": true,
              "fail": false,
              "pending": false,
              "context": null,
              "code": "const invalidEmail = 'emailinvalido';\ncy.request({\n  method: 'POST',\n  url: '/usuarios',\n  body: {\n    \"nome\": \"Fulano da Silva\",\n    \"email\": invalidEmail,\n    \"password\": \"teste\",\n    \"administrador\": \"true\"\n  },\n  failOnStatusCode: false\n}).then(response => {\n  expect(response.status).to.equal(400);\n  expect(response.body.email).to.equal('email deve ser um email válido');\n});",
              "err": {},
              "uuid": "0aa710e0-98b0-4bfb-bb9d-7b8ded6cdcce",
              "parentUUID": "78f49c1f-2816-408e-a43c-ab5dd776ee1b",
              "isHook": false,
              "skipped": false
            },
            {
              "title": "Deve editar um usuário previamente cadastrado",
              "fullTitle": "Testes da Funcionalidade Usuários Deve editar um usuário previamente cadastrado",
              "timedOut": null,
              "duration": 26,
              "state": "passed",
              "speed": "fast",
              "pass": true,
              "fail": false,
              "pending": false,
              "context": null,
              "code": "let nome = `User ${Math.floor(Math.random() * 100000000)}`;\nlet email = `Email${Math.floor(Math.random() * 100000000)}@qa.com`;\nlet password = `Password ${Math.floor(Math.random() * 100000000)}`;\ncy.cadastrarUsuario(nome, email, password, \"true\").then(response => {\n  let id = response.body._id;\n  cy.request({\n    method: 'PUT',\n    url: `usuarios/${id}`,\n    body: {\n      \"nome\": nome,\n      \"email\": email,\n      \"password\": password,\n      \"administrador\": \"true\"\n    }\n  }).then(response => {\n    expect(response.body.message).to.equal('Registro alterado com sucesso');\n  });\n});",
              "err": {},
              "uuid": "a4ac827a-5fde-490b-a7b4-22432aaf4ded",
              "parentUUID": "78f49c1f-2816-408e-a43c-ab5dd776ee1b",
              "isHook": false,
              "skipped": false
            },
            {
              "title": "Deve deletar um usuário previamente cadastrado",
              "fullTitle": "Testes da Funcionalidade Usuários Deve deletar um usuário previamente cadastrado",
              "timedOut": null,
              "duration": 37,
              "state": "passed",
              "speed": "fast",
              "pass": true,
              "fail": false,
              "pending": false,
              "context": null,
              "code": "let nome = `User ${Math.floor(Math.random() * 100000000)}`;\nlet email = `Email${Math.floor(Math.random() * 100000000)}@qa.com`;\nlet password = `Password ${Math.floor(Math.random() * 100000000)}`;\ncy.cadastrarUsuario(nome, email, password, \"true\").then(response => {\n  let id = response.body._id;\n  cy.request({\n    method: 'DELETE',\n    url: `usuarios/${id}`\n  }).then(response => {\n    expect(response.body.message).to.equal('Registro excluído com sucesso');\n    expect(response.status).to.equal(200);\n  });\n});",
              "err": {},
              "uuid": "d7c80265-9b66-44a1-8784-dc5f2f7ac454",
              "parentUUID": "78f49c1f-2816-408e-a43c-ab5dd776ee1b",
              "isHook": false,
              "skipped": false
            }
          ],
          "suites": [],
          "passes": [
            "d7bf6873-fcb8-4835-bb57-5828e7edfb0b",
            "ace67a8a-5867-4ac9-87bb-4913273620cb",
            "f97b57be-b281-4540-9979-659ce2b59909",
            "b01a51a8-5460-4ec2-8f57-b10c0630a2ea",
            "0aa710e0-98b0-4bfb-bb9d-7b8ded6cdcce",
            "a4ac827a-5fde-490b-a7b4-22432aaf4ded",
            "d7c80265-9b66-44a1-8784-dc5f2f7ac454"
          ],
          "failures": [],
          "pending": [],
          "skipped": [],
          "duration": 181,
          "root": false,
          "rootEmpty": false,
          "_timeout": 2000
        }
      ],
      "passes": [],
      "failures": [],
      "pending": [],
      "skipped": [],
      "duration": 0,
      "root": true,
      "rootEmpty": true,
      "_timeout": 2000
    }
  ],
  "meta": {
    "mocha": {
      "version": "7.0.1"
    },
    "mochawesome": {
      "options": {
        "quiet": false,
        "reportFilename": "mochawesome",
        "saveHtml": false,
        "saveJson": true,
        "consoleReporter": "spec",
        "useInlineDiffs": false,
        "code": true
      },
      "version": "6.2.2"
    },
    "marge": {
      "options": {
        "reportDir": "mochawesome-report",
        "overwrite": false,
        "html": false,
        "json": true
      },
      "version": "5.2.0"
    }
  }
}