{
  "stats": {
    "suites": 1,
    "tests": 1,
    "passes": 1,
    "pending": 0,
    "failures": 0,
    "start": "2023-04-18T08:36:04.797Z",
    "end": "2023-04-18T08:36:04.963Z",
    "duration": 166,
    "testsRegistered": 1,
    "passPercent": 100,
    "pendingPercent": 0,
    "other": 0,
    "hasOther": false,
    "skipped": 0,
    "hasSkipped": false
  },
  "results": [
    {
      "uuid": "894652a0-8885-4b00-84ec-df02b3f56966",
      "title": "",
      "fullFile": "cypress/integration/login.spec.js",
      "file": "cypress/integration/login.spec.js",
      "beforeHooks": [],
      "afterHooks": [],
      "tests": [],
      "suites": [
        {
          "uuid": "658d1fc9-1f8e-437f-80cf-e02384c80362",
          "title": "Login",
          "fullFile": "",
          "file": "",
          "beforeHooks": [],
          "afterHooks": [],
          "tests": [
            {
              "title": "Deve fazer login com sucesso",
              "fullTitle": "Login Deve fazer login com sucesso",
              "timedOut": null,
              "duration": 98,
              "state": "passed",
              "speed": "slow",
              "pass": true,
              "fail": false,
              "pending": false,
              "context": null,
              "code": "cy.request({\n  method: 'POST',\n  url: 'login',\n  body: {\n    \"email\": \"fulano@qa.com\",\n    \"password\": \"teste\"\n  }\n}).then(response => {\n  expect(response.status).to.equal(200);\n  expect(response.body.message).to.equal('Login realizado com sucesso');\n  cy.log(response.body.authorization);\n});",
              "err": {},
              "uuid": "f5ed1fa0-7a44-43df-a93e-39e77431c1f3",
              "parentUUID": "658d1fc9-1f8e-437f-80cf-e02384c80362",
              "isHook": false,
              "skipped": false
            }
          ],
          "suites": [],
          "passes": [
            "f5ed1fa0-7a44-43df-a93e-39e77431c1f3"
          ],
          "failures": [],
          "pending": [],
          "skipped": [],
          "duration": 98,
          "root": false,
          "rootEmpty": false,
          "_timeout": 2000
        }
      ],
      "passes": [],
      "failures": [],
      "pending": [],
      "skipped": [],
      "duration": 0,
      "root": true,
      "rootEmpty": true,
      "_timeout": 2000
    }
  ],
  "meta": {
    "mocha": {
      "version": "7.0.1"
    },
    "mochawesome": {
      "options": {
        "quiet": false,
        "reportFilename": "mochawesome",
        "saveHtml": false,
        "saveJson": true,
        "consoleReporter": "spec",
        "useInlineDiffs": false,
        "code": true
      },
      "version": "6.2.2"
    },
    "marge": {
      "options": {
        "reportDir": "mochawesome-report",
        "overwrite": false,
        "html": false,
        "json": true
      },
      "version": "5.2.0"
    }
  }
}