{
  "stats": {
    "suites": 1,
    "tests": 7,
    "passes": 6,
    "pending": 0,
    "failures": 1,
    "start": "2023-04-18T11:29:59.284Z",
    "end": "2023-04-18T11:29:59.843Z",
    "duration": 559,
    "testsRegistered": 7,
    "passPercent": 85.71428571428571,
    "pendingPercent": 0,
    "other": 0,
    "hasOther": false,
    "skipped": 0,
    "hasSkipped": false
  },
  "results": [
    {
      "uuid": "1e0f242f-b05f-43bd-9a89-46e309f34bb4",
      "title": "",
      "fullFile": "cypress/integration/produtos.spec.js",
      "file": "cypress/integration/produtos.spec.js",
      "beforeHooks": [],
      "afterHooks": [],
      "tests": [],
      "suites": [
        {
          "uuid": "505f62f8-8b40-4f38-9f03-ba335d3cc12e",
          "title": "Testes da Funcionalidade Produtos",
          "fullFile": "",
          "file": "",
          "beforeHooks": [],
          "afterHooks": [],
          "tests": [
            {
              "title": "Deve validar contrato de produtos",
              "fullTitle": "Testes da Funcionalidade Produtos Deve validar contrato de produtos",
              "timedOut": null,
              "duration": 75,
              "state": "passed",
              "speed": "medium",
              "pass": true,
              "fail": false,
              "pending": false,
              "context": null,
              "code": "cy.request('produtos').then(response => {\n  return _produtos.default.validateAsync(response.body);\n});",
              "err": {},
              "uuid": "866aee70-7566-4da8-a426-8129e9163ed5",
              "parentUUID": "505f62f8-8b40-4f38-9f03-ba335d3cc12e",
              "isHook": false,
              "skipped": false
            },
            {
              "title": "Deve listar os produtos cadastrados",
              "fullTitle": "Testes da Funcionalidade Produtos Deve listar os produtos cadastrados",
              "timedOut": null,
              "duration": 25,
              "state": "passed",
              "speed": "fast",
              "pass": true,
              "fail": false,
              "pending": false,
              "context": null,
              "code": "cy.request({\n  method: 'GET',\n  url: 'produtos'\n}).then(response => {\n  //expect(response.body.produtos[9].nome).to.equal('Produto EBAC 436746')\n  expect(response.status).to.equal(200);\n  expect(response.body).to.have.property('produtos');\n  expect(response.duration).to.be.lessThan(20);\n});",
              "err": {},
              "uuid": "8cdc29f0-2539-4124-9462-01575e32d991",
              "parentUUID": "505f62f8-8b40-4f38-9f03-ba335d3cc12e",
              "isHook": false,
              "skipped": false
            },
            {
              "title": "Deve cadastrar um produto com sucesso",
              "fullTitle": "Testes da Funcionalidade Produtos Deve cadastrar um produto com sucesso",
              "timedOut": null,
              "duration": 25,
              "state": "passed",
              "speed": "fast",
              "pass": true,
              "fail": false,
              "pending": false,
              "context": null,
              "code": "let produto = `Produto EBAC ${Math.floor(Math.random() * 100000000)}`;\ncy.request({\n  method: 'POST',\n  url: 'produtos',\n  body: {\n    \"nome\": produto,\n    \"preco\": 200,\n    \"descricao\": \"Produto novo\",\n    \"quantidade\": 100\n  },\n  headers: {\n    authorization: token\n  }\n}).then(response => {\n  expect(response.status).to.equal(201);\n  expect(response.body.message).to.equal('Cadastro realizado com sucesso');\n});",
              "err": {},
              "uuid": "d3156ca3-17c8-4734-a15d-92bd0bfd8b7e",
              "parentUUID": "505f62f8-8b40-4f38-9f03-ba335d3cc12e",
              "isHook": false,
              "skipped": false
            },
            {
              "title": "Deve validar mensagem de erro ao cadastrar produto repetido",
              "fullTitle": "Testes da Funcionalidade Produtos Deve validar mensagem de erro ao cadastrar produto repetido",
              "timedOut": null,
              "duration": 22,
              "state": "passed",
              "speed": "fast",
              "pass": true,
              "fail": false,
              "pending": false,
              "context": null,
              "code": "cy.cadastrarProduto(token, 'Produto EBAC Novo 1', 250, \"Descrição do produto novo\", 180).then(response => {\n  expect(response.status).to.equal(400);\n  expect(response.body.message).to.equal('Já existe produto com esse nome');\n});",
              "err": {},
              "uuid": "dcf77f0e-2b5c-4bb3-8a49-f8dfade05a0d",
              "parentUUID": "505f62f8-8b40-4f38-9f03-ba335d3cc12e",
              "isHook": false,
              "skipped": false
            },
            {
              "title": "Deve editar um produto já cadastrado",
              "fullTitle": "Testes da Funcionalidade Produtos Deve editar um produto já cadastrado",
              "timedOut": null,
              "duration": 211,
              "state": "failed",
              "speed": null,
              "pass": false,
              "fail": true,
              "pending": false,
              "context": null,
              "code": "cy.request('produtos').then(response => {\n  let id = response.body.produtos[0]._id;\n  cy.request({\n    method: 'PUT',\n    url: `produtos/${id}`,\n    headers: {\n      authorization: token\n    },\n    body: {\n      \"nome\": \"Produto Editado 4562083\",\n      \"preco\": 100,\n      \"descricao\": \"Produto editado\",\n      \"quantidade\": 100\n    }\n  }).then(response => {\n    expect(response.body.message).to.equal('Registro alterado com sucesso');\n  });\n});",
              "err": {
                "message": "CypressError: `cy.request()` failed on:\n\nhttp://localhost:3000/produtos/0FZbkibkMyyzgqls\n\nThe response we received from your web server was:\n\n  > 400: Bad Request\n\nThis was considered a failure because the status code was not `2xx` or `3xx`.\n\nIf you do not want status codes to cause failures pass the option: `failOnStatusCode: false`\n\n-----------------------------------------------------------\n\nThe request we sent was:\n\nMethod: PUT\nURL: http://localhost:3000/produtos/0FZbkibkMyyzgqls\nHeaders: {\n  \"Connection\": \"keep-alive\",\n  \"authorization\": \"Bearer eyJhbGciOiJIUzI1NiIsInR5cCI6IkpXVCJ9.eyJlbWFpbCI6ImZ1bGFub0BxYS5jb20iLCJwYXNzd29yZCI6InRlc3RlIiwiaWF0IjoxNjgxODE3Mzk5LCJleHAiOjE2ODE4MTc5OTl9.gbSskzufmbIjIFqrPmIDaeQBqTxWQcKqOTrjqtBVpbo\",\n  \"user-agent\": \"Mozilla/5.0 (Windows NT 10.0; Win64; x64) AppleWebKit/537.36 (KHTML, like Gecko) Cypress/8.3.0 Chrome/91.0.4472.124 Electron/13.1.7 Safari/537.36\",\n  \"accept\": \"*/*\",\n  \"accept-encoding\": \"gzip, deflate\",\n  \"content-type\": \"application/json\",\n  \"content-length\": 93\n}\nBody: {\"nome\":\"Produto Editado 4562083\",\"preco\":100,\"descricao\":\"Produto editado\",\"quantidade\":100}\n\n-----------------------------------------------------------\n\nThe response we got was:\n\nStatus: 400 - Bad Request\nHeaders: {\n  \"access-control-allow-origin\": \"*\",\n  \"x-dns-prefetch-control\": \"off\",\n  \"x-frame-options\": \"SAMEORIGIN\",\n  \"strict-transport-security\": \"max-age=15552000; includeSubDomains\",\n  \"x-download-options\": \"noopen\",\n  \"x-content-type-options\": \"nosniff\",\n  \"x-xss-protection\": \"1; mode=block\",\n  \"x-moesif-transaction-id\": \"bc66b303-25e6-4fc8-a524-9ad5d3e871b5\",\n  \"content-type\": \"application/json; charset=utf-8\",\n  \"content-length\": \"53\",\n  \"date\": \"Tue, 18 Apr 2023 11:29:59 GMT\",\n  \"connection\": \"keep-alive\",\n  \"keep-alive\": \"timeout=5\"\n}\nBody: {\n  \"message\": \"Já existe produto com esse nome\"\n}\n\n\nhttps://on.cypress.io/request",
                "estack": "CypressError: `cy.request()` failed on:\n\nhttp://localhost:3000/produtos/0FZbkibkMyyzgqls\n\nThe response we received from your web server was:\n\n  > 400: Bad Request\n\nThis was considered a failure because the status code was not `2xx` or `3xx`.\n\nIf you do not want status codes to cause failures pass the option: `failOnStatusCode: false`\n\n-----------------------------------------------------------\n\nThe request we sent was:\n\nMethod: PUT\nURL: http://localhost:3000/produtos/0FZbkibkMyyzgqls\nHeaders: {\n  \"Connection\": \"keep-alive\",\n  \"authorization\": \"Bearer eyJhbGciOiJIUzI1NiIsInR5cCI6IkpXVCJ9.eyJlbWFpbCI6ImZ1bGFub0BxYS5jb20iLCJwYXNzd29yZCI6InRlc3RlIiwiaWF0IjoxNjgxODE3Mzk5LCJleHAiOjE2ODE4MTc5OTl9.gbSskzufmbIjIFqrPmIDaeQBqTxWQcKqOTrjqtBVpbo\",\n  \"user-agent\": \"Mozilla/5.0 (Windows NT 10.0; Win64; x64) AppleWebKit/537.36 (KHTML, like Gecko) Cypress/8.3.0 Chrome/91.0.4472.124 Electron/13.1.7 Safari/537.36\",\n  \"accept\": \"*/*\",\n  \"accept-encoding\": \"gzip, deflate\",\n  \"content-type\": \"application/json\",\n  \"content-length\": 93\n}\nBody: {\"nome\":\"Produto Editado 4562083\",\"preco\":100,\"descricao\":\"Produto editado\",\"quantidade\":100}\n\n-----------------------------------------------------------\n\nThe response we got was:\n\nStatus: 400 - Bad Request\nHeaders: {\n  \"access-control-allow-origin\": \"*\",\n  \"x-dns-prefetch-control\": \"off\",\n  \"x-frame-options\": \"SAMEORIGIN\",\n  \"strict-transport-security\": \"max-age=15552000; includeSubDomains\",\n  \"x-download-options\": \"noopen\",\n  \"x-content-type-options\": \"nosniff\",\n  \"x-xss-protection\": \"1; mode=block\",\n  \"x-moesif-transaction-id\": \"bc66b303-25e6-4fc8-a524-9ad5d3e871b5\",\n  \"content-type\": \"application/json; charset=utf-8\",\n  \"content-length\": \"53\",\n  \"date\": \"Tue, 18 Apr 2023 11:29:59 GMT\",\n  \"connection\": \"keep-alive\",\n  \"keep-alive\": \"timeout=5\"\n}\nBody: {\n  \"message\": \"Já existe produto com esse nome\"\n}\n\n\nhttps://on.cypress.io/request\n    at http://localhost:3000/__cypress/runner/cypress_runner.js:145287:21\n    at tryCatcher (http://localhost:3000/__cypress/runner/cypress_runner.js:13222:23)\n    at Promise._settlePromiseFromHandler (http://localhost:3000/__cypress/runner/cypress_runner.js:11157:31)\n    at Promise._settlePromise (http://localhost:3000/__cypress/runner/cypress_runner.js:11214:18)\n    at Promise._settlePromise0 (http://localhost:3000/__cypress/runner/cypress_runner.js:11259:10)\n    at Promise._settlePromises (http://localhost:3000/__cypress/runner/cypress_runner.js:11339:18)\n    at _drainQueueStep (http://localhost:3000/__cypress/runner/cypress_runner.js:7929:12)\n    at _drainQueue (http://localhost:3000/__cypress/runner/cypress_runner.js:7922:9)\n    at Async.../../node_modules/bluebird/js/release/async.js.Async._drainQueues (http://localhost:3000/__cypress/runner/cypress_runner.js:7938:5)\n    at Async.drainQueues (http://localhost:3000/__cypress/runner/cypress_runner.js:7808:14)\nFrom Your Spec Code:\n    at Context.eval (http://localhost:3000/__cypress/tests?p=cypress\\integration\\produtos.spec.js:206:10)",
                "diff": null
              },
              "uuid": "5464ca9a-d847-410f-ae6a-4c26f37cf3e4",
              "parentUUID": "505f62f8-8b40-4f38-9f03-ba335d3cc12e",
              "isHook": false,
              "skipped": false
            },
            {
              "title": "Deve editar um produto cadastrado previamente",
              "fullTitle": "Testes da Funcionalidade Produtos Deve editar um produto cadastrado previamente",
              "timedOut": null,
              "duration": 48,
              "state": "passed",
              "speed": "medium",
              "pass": true,
              "fail": false,
              "pending": false,
              "context": null,
              "code": "let produto = `Produto EBAC ${Math.floor(Math.random() * 100000000)}`;\ncy.cadastrarProduto(token, produto, 250, \"Descrição do produto novo\", 180).then(response => {\n  let id = response.body._id;\n  cy.request({\n    method: 'PUT',\n    url: `produtos/${id}`,\n    headers: {\n      authorization: token\n    },\n    body: {\n      \"nome\": produto,\n      \"preco\": 200,\n      \"descricao\": \"Produto editado\",\n      \"quantidade\": 300\n    }\n  }).then(response => {\n    expect(response.body.message).to.equal('Registro alterado com sucesso');\n  });\n});",
              "err": {},
              "uuid": "4b77d3b1-1757-48fe-b904-3406f55d43d4",
              "parentUUID": "505f62f8-8b40-4f38-9f03-ba335d3cc12e",
              "isHook": false,
              "skipped": false
            },
            {
              "title": "Deve deletar um produto previamente cadastrado",
              "fullTitle": "Testes da Funcionalidade Produtos Deve deletar um produto previamente cadastrado",
              "timedOut": null,
              "duration": 46,
              "state": "passed",
              "speed": "medium",
              "pass": true,
              "fail": false,
              "pending": false,
              "context": null,
              "code": "let produto = `Produto EBAC ${Math.floor(Math.random() * 100000000)}`;\ncy.cadastrarProduto(token, produto, 250, \"Descrição do produto novo\", 180).then(response => {\n  let id = response.body._id;\n  cy.request({\n    method: 'DELETE',\n    url: `produtos/${id}`,\n    headers: {\n      authorization: token\n    }\n  }).then(response => {\n    expect(response.body.message).to.equal('Registro excluído com sucesso');\n    expect(response.status).to.equal(200);\n  });\n});",
              "err": {},
              "uuid": "417a7afe-118c-4e00-96e8-90f86f3a1b9f",
              "parentUUID": "505f62f8-8b40-4f38-9f03-ba335d3cc12e",
              "isHook": false,
              "skipped": false
            }
          ],
          "suites": [],
          "passes": [
            "866aee70-7566-4da8-a426-8129e9163ed5",
            "8cdc29f0-2539-4124-9462-01575e32d991",
            "d3156ca3-17c8-4734-a15d-92bd0bfd8b7e",
            "dcf77f0e-2b5c-4bb3-8a49-f8dfade05a0d",
            "4b77d3b1-1757-48fe-b904-3406f55d43d4",
            "417a7afe-118c-4e00-96e8-90f86f3a1b9f"
          ],
          "failures": [
            "5464ca9a-d847-410f-ae6a-4c26f37cf3e4"
          ],
          "pending": [],
          "skipped": [],
          "duration": 452,
          "root": false,
          "rootEmpty": false,
          "_timeout": 2000
        }
      ],
      "passes": [],
      "failures": [],
      "pending": [],
      "skipped": [],
      "duration": 0,
      "root": true,
      "rootEmpty": true,
      "_timeout": 2000
    }
  ],
  "meta": {
    "mocha": {
      "version": "7.0.1"
    },
    "mochawesome": {
      "options": {
        "quiet": false,
        "reportFilename": "mochawesome",
        "saveHtml": false,
        "saveJson": true,
        "consoleReporter": "spec",
        "useInlineDiffs": false,
        "code": true
      },
      "version": "6.2.2"
    },
    "marge": {
      "options": {
        "reportDir": "mochawesome-report",
        "overwrite": false,
        "html": false,
        "json": true
      },
      "version": "5.2.0"
    }
  }
}