{
  "stats": {
    "suites": 1,
    "tests": 7,
    "passes": 7,
    "pending": 0,
    "failures": 0,
    "start": "2023-04-18T11:27:02.595Z",
    "end": "2023-04-18T11:27:02.827Z",
    "duration": 232,
    "testsRegistered": 7,
    "passPercent": 100,
    "pendingPercent": 0,
    "other": 0,
    "hasOther": false,
    "skipped": 0,
    "hasSkipped": false
  },
  "results": [
    {
      "uuid": "c1a54b19-1b3c-40d8-855a-9a1ecaee54d5",
      "title": "",
      "fullFile": "cypress/integration/usuarios.spec.js",
      "file": "cypress/integration/usuarios.spec.js",
      "beforeHooks": [],
      "afterHooks": [],
      "tests": [],
      "suites": [
        {
          "uuid": "88755bdc-b9c8-4a15-9725-44c9fbdfd51d",
          "title": "Testes da Funcionalidade Usuários",
          "fullFile": "",
          "file": "",
          "beforeHooks": [],
          "afterHooks": [],
          "tests": [
            {
              "title": "Deve validar contrato de usuarios",
              "fullTitle": "Testes da Funcionalidade Usuários Deve validar contrato de usuarios",
              "timedOut": null,
              "duration": 48,
              "state": "passed",
              "speed": "medium",
              "pass": true,
              "fail": false,
              "pending": false,
              "context": null,
              "code": "cy.request('usuarios').then(response => {\n  return _usuarios.default.validateAsync(response.body);\n});",
              "err": {},
              "uuid": "7bfbb0d5-1c95-4252-a647-2bf065f23726",
              "parentUUID": "88755bdc-b9c8-4a15-9725-44c9fbdfd51d",
              "isHook": false,
              "skipped": false
            },
            {
              "title": "Deve listar usuários cadastrados",
              "fullTitle": "Testes da Funcionalidade Usuários Deve listar usuários cadastrados",
              "timedOut": null,
              "duration": 24,
              "state": "passed",
              "speed": "fast",
              "pass": true,
              "fail": false,
              "pending": false,
              "context": null,
              "code": "cy.request({\n  method: 'GET',\n  url: 'usuarios'\n}).then(response => {\n  //expect(response.body.usuarios[0].nome).to.equal('Fulano da Silva')\n  expect(response.status).to.equal(200);\n  expect(response.body).to.have.property('usuarios');\n  expect(response.duration).to.be.lessThan(20);\n});",
              "err": {},
              "uuid": "7823d408-a34d-410d-892e-756ffa8778e3",
              "parentUUID": "88755bdc-b9c8-4a15-9725-44c9fbdfd51d",
              "isHook": false,
              "skipped": false
            },
            {
              "title": "Deve cadastrar um usuário com sucesso",
              "fullTitle": "Testes da Funcionalidade Usuários Deve cadastrar um usuário com sucesso",
              "timedOut": null,
              "duration": 27,
              "state": "passed",
              "speed": "fast",
              "pass": true,
              "fail": false,
              "pending": false,
              "context": null,
              "code": "let name = `User ${Math.floor(Math.random() * 100000000)}`;\nlet email = `Email${Math.floor(Math.random() * 100000000)}@qa.com`;\nlet password = `Password ${Math.floor(Math.random() * 100000000)}`;\ncy.request({\n  method: 'POST',\n  url: 'usuarios',\n  body: {\n    \"nome\": name,\n    \"email\": email,\n    \"password\": password,\n    \"administrador\": \"true\"\n  }\n}).then(response => {\n  expect(response.status).to.equal(201);\n  expect(response.body.message).to.equal('Cadastro realizado com sucesso');\n});",
              "err": {},
              "uuid": "dac78747-d24a-4b38-ae25-0f961b43f58a",
              "parentUUID": "88755bdc-b9c8-4a15-9725-44c9fbdfd51d",
              "isHook": false,
              "skipped": false
            },
            {
              "title": "Deve validar um usuário com email inválido",
              "fullTitle": "Testes da Funcionalidade Usuários Deve validar um usuário com email inválido",
              "timedOut": null,
              "duration": 12,
              "state": "passed",
              "speed": "fast",
              "pass": true,
              "fail": false,
              "pending": false,
              "context": null,
              "code": "//TODO:",
              "err": {},
              "uuid": "3db462cd-56da-4542-9369-6b14b2f4edbc",
              "parentUUID": "88755bdc-b9c8-4a15-9725-44c9fbdfd51d",
              "isHook": false,
              "skipped": false
            },
            {
              "title": "Deve validar um usuário com email inválido",
              "fullTitle": "Testes da Funcionalidade Usuários Deve validar um usuário com email inválido",
              "timedOut": null,
              "duration": 17,
              "state": "passed",
              "speed": "fast",
              "pass": true,
              "fail": false,
              "pending": false,
              "context": null,
              "code": "const invalidEmail = 'emailinvalido';\ncy.request({\n  method: 'POST',\n  url: '/usuarios',\n  body: {\n    \"nome\": \"Fulano da Silva\",\n    \"email\": invalidEmail,\n    \"password\": \"teste\",\n    \"administrador\": \"true\"\n  },\n  failOnStatusCode: false\n}).then(response => {\n  expect(response.status).to.equal(400);\n  expect(response.body.email).to.equal('email deve ser um email válido');\n});",
              "err": {},
              "uuid": "234bdc8e-0f97-42f8-9e75-8a542dee78cb",
              "parentUUID": "88755bdc-b9c8-4a15-9725-44c9fbdfd51d",
              "isHook": false,
              "skipped": false
            },
            {
              "title": "Deve editar um usuário previamente cadastrado",
              "fullTitle": "Testes da Funcionalidade Usuários Deve editar um usuário previamente cadastrado",
              "timedOut": null,
              "duration": 31,
              "state": "passed",
              "speed": "fast",
              "pass": true,
              "fail": false,
              "pending": false,
              "context": null,
              "code": "let nome = `User ${Math.floor(Math.random() * 100000000)}`;\nlet email = `Email${Math.floor(Math.random() * 100000000)}@qa.com`;\nlet password = `Password ${Math.floor(Math.random() * 100000000)}`;\ncy.cadastrarUsuario(nome, email, password, \"true\").then(response => {\n  let id = response.body._id;\n  cy.request({\n    method: 'PUT',\n    url: `usuarios/${id}`,\n    body: {\n      \"nome\": nome,\n      \"email\": email,\n      \"password\": password,\n      \"administrador\": \"true\"\n    }\n  }).then(response => {\n    expect(response.body.message).to.equal('Registro alterado com sucesso');\n  });\n});",
              "err": {},
              "uuid": "1aa36d3c-584e-4e9f-882b-9a25d68f3761",
              "parentUUID": "88755bdc-b9c8-4a15-9725-44c9fbdfd51d",
              "isHook": false,
              "skipped": false
            },
            {
              "title": "Deve deletar um usuário previamente cadastrado",
              "fullTitle": "Testes da Funcionalidade Usuários Deve deletar um usuário previamente cadastrado",
              "timedOut": null,
              "duration": 30,
              "state": "passed",
              "speed": "fast",
              "pass": true,
              "fail": false,
              "pending": false,
              "context": null,
              "code": "let nome = `User ${Math.floor(Math.random() * 100000000)}`;\nlet email = `Email${Math.floor(Math.random() * 100000000)}@qa.com`;\nlet password = `Password ${Math.floor(Math.random() * 100000000)}`;\ncy.cadastrarUsuario(nome, email, password, \"true\").then(response => {\n  let id = response.body._id;\n  cy.request({\n    method: 'DELETE',\n    url: `usuarios/${id}`\n  }).then(response => {\n    expect(response.body.message).to.equal('Registro excluído com sucesso');\n    expect(response.status).to.equal(200);\n  });\n});",
              "err": {},
              "uuid": "d54a4a2c-97d6-4bfb-bb38-5148b05cb05b",
              "parentUUID": "88755bdc-b9c8-4a15-9725-44c9fbdfd51d",
              "isHook": false,
              "skipped": false
            }
          ],
          "suites": [],
          "passes": [
            "7bfbb0d5-1c95-4252-a647-2bf065f23726",
            "7823d408-a34d-410d-892e-756ffa8778e3",
            "dac78747-d24a-4b38-ae25-0f961b43f58a",
            "3db462cd-56da-4542-9369-6b14b2f4edbc",
            "234bdc8e-0f97-42f8-9e75-8a542dee78cb",
            "1aa36d3c-584e-4e9f-882b-9a25d68f3761",
            "d54a4a2c-97d6-4bfb-bb38-5148b05cb05b"
          ],
          "failures": [],
          "pending": [],
          "skipped": [],
          "duration": 189,
          "root": false,
          "rootEmpty": false,
          "_timeout": 2000
        }
      ],
      "passes": [],
      "failures": [],
      "pending": [],
      "skipped": [],
      "duration": 0,
      "root": true,
      "rootEmpty": true,
      "_timeout": 2000
    }
  ],
  "meta": {
    "mocha": {
      "version": "7.0.1"
    },
    "mochawesome": {
      "options": {
        "quiet": false,
        "reportFilename": "mochawesome",
        "saveHtml": false,
        "saveJson": true,
        "consoleReporter": "spec",
        "useInlineDiffs": false,
        "code": true
      },
      "version": "6.2.2"
    },
    "marge": {
      "options": {
        "reportDir": "mochawesome-report",
        "overwrite": false,
        "html": false,
        "json": true
      },
      "version": "5.2.0"
    }
  }
}