{
  "stats": {
    "suites": 20,
    "tests": 99,
    "passes": 95,
    "pending": 0,
    "failures": 4,
    "start": "2023-04-18T08:35:52.323Z",
    "end": "2023-04-18T11:30:55.839Z",
    "duration": 3453,
    "testsRegistered": 99,
    "passPercent": 95.95959595959596,
    "pendingPercent": 0,
    "other": 0,
    "hasOther": false,
    "skipped": 0,
    "hasSkipped": false
  },
  "results": [
    {
      "uuid": "894652a0-8885-4b00-84ec-df02b3f56966",
      "title": "",
      "fullFile": "cypress/integration/login.spec.js",
      "file": "cypress/integration/login.spec.js",
      "beforeHooks": [],
      "afterHooks": [],
      "tests": [],
      "suites": [
        {
          "uuid": "658d1fc9-1f8e-437f-80cf-e02384c80362",
          "title": "Login",
          "fullFile": "",
          "file": "",
          "beforeHooks": [],
          "afterHooks": [],
          "tests": [
            {
              "title": "Deve fazer login com sucesso",
              "fullTitle": "Login Deve fazer login com sucesso",
              "timedOut": null,
              "duration": 98,
              "state": "passed",
              "speed": "slow",
              "pass": true,
              "fail": false,
              "pending": false,
              "context": null,
              "code": "cy.request({\n  method: 'POST',\n  url: 'login',\n  body: {\n    \"email\": \"fulano@qa.com\",\n    \"password\": \"teste\"\n  }\n}).then(response => {\n  expect(response.status).to.equal(200);\n  expect(response.body.message).to.equal('Login realizado com sucesso');\n  cy.log(response.body.authorization);\n});",
              "err": {},
              "uuid": "f5ed1fa0-7a44-43df-a93e-39e77431c1f3",
              "parentUUID": "658d1fc9-1f8e-437f-80cf-e02384c80362",
              "isHook": false,
              "skipped": false
            }
          ],
          "suites": [],
          "passes": [
            "f5ed1fa0-7a44-43df-a93e-39e77431c1f3"
          ],
          "failures": [],
          "pending": [],
          "skipped": [],
          "duration": 98,
          "root": false,
          "rootEmpty": false,
          "_timeout": 2000
        }
      ],
      "passes": [],
      "failures": [],
      "pending": [],
      "skipped": [],
      "duration": 0,
      "root": true,
      "rootEmpty": true,
      "_timeout": 2000
    },
    {
      "uuid": "c68c8752-9368-403a-9f36-3175c3a3b1e4",
      "title": "",
      "fullFile": "cypress/integration/produtos.spec.js",
      "file": "cypress/integration/produtos.spec.js",
      "beforeHooks": [],
      "afterHooks": [],
      "tests": [],
      "suites": [
        {
          "uuid": "cc933cbc-f92e-429c-b9a3-399364c268b7",
          "title": "Testes da Funcionalidade Produtos",
          "fullFile": "",
          "file": "",
          "beforeHooks": [],
          "afterHooks": [],
          "tests": [
            {
              "title": "Deve validar contrato de produtos",
              "fullTitle": "Testes da Funcionalidade Produtos Deve validar contrato de produtos",
              "timedOut": null,
              "duration": 72,
              "state": "passed",
              "speed": "medium",
              "pass": true,
              "fail": false,
              "pending": false,
              "context": null,
              "code": "cy.request('produtos').then(response => {\n  return _produtos.default.validateAsync(response.body);\n});",
              "err": {},
              "uuid": "77c7d529-8901-4737-b160-768e2c038a77",
              "parentUUID": "cc933cbc-f92e-429c-b9a3-399364c268b7",
              "isHook": false,
              "skipped": false
            },
            {
              "title": "Deve listar os produtos cadastrados",
              "fullTitle": "Testes da Funcionalidade Produtos Deve listar os produtos cadastrados",
              "timedOut": null,
              "duration": 23,
              "state": "passed",
              "speed": "fast",
              "pass": true,
              "fail": false,
              "pending": false,
              "context": null,
              "code": "cy.request({\n  method: 'GET',\n  url: 'produtos'\n}).then(response => {\n  //expect(response.body.produtos[9].nome).to.equal('Produto EBAC 436746')\n  expect(response.status).to.equal(200);\n  expect(response.body).to.have.property('produtos');\n  expect(response.duration).to.be.lessThan(20);\n});",
              "err": {},
              "uuid": "34e4958a-1736-4798-9ac2-a24b16b7ef06",
              "parentUUID": "cc933cbc-f92e-429c-b9a3-399364c268b7",
              "isHook": false,
              "skipped": false
            },
            {
              "title": "Deve cadastrar um produto com sucesso",
              "fullTitle": "Testes da Funcionalidade Produtos Deve cadastrar um produto com sucesso",
              "timedOut": null,
              "duration": 29,
              "state": "passed",
              "speed": "fast",
              "pass": true,
              "fail": false,
              "pending": false,
              "context": null,
              "code": "let produto = `Produto EBAC ${Math.floor(Math.random() * 100000000)}`;\ncy.request({\n  method: 'POST',\n  url: 'produtos',\n  body: {\n    \"nome\": produto,\n    \"preco\": 200,\n    \"descricao\": \"Produto novo\",\n    \"quantidade\": 100\n  },\n  headers: {\n    authorization: token\n  }\n}).then(response => {\n  expect(response.status).to.equal(201);\n  expect(response.body.message).to.equal('Cadastro realizado com sucesso');\n});",
              "err": {},
              "uuid": "d2b9129d-3190-4699-9046-8d0509d4c1d5",
              "parentUUID": "cc933cbc-f92e-429c-b9a3-399364c268b7",
              "isHook": false,
              "skipped": false
            },
            {
              "title": "Deve validar mensagem de erro ao cadastrar produto repetido",
              "fullTitle": "Testes da Funcionalidade Produtos Deve validar mensagem de erro ao cadastrar produto repetido",
              "timedOut": null,
              "duration": 220,
              "state": "failed",
              "speed": null,
              "pass": false,
              "fail": true,
              "pending": false,
              "context": null,
              "code": "cy.cadastrarProduto(token, 'Produto EBAC Novo 1', 250, \"Descrição do produto novo\", 180).then(response => {\n  expect(response.status).to.equal(400);\n  expect(response.body.message).to.equal('Já existe produto com esse nome');\n});",
              "err": {
                "message": "AssertionError: expected 201 to equal 400",
                "estack": "AssertionError: expected 201 to equal 400\n    at Context.eval (http://localhost:3000/__cypress/tests?p=cypress\\integration\\produtos.spec.js:199:34)",
                "diff": "- 201\n+ 400\n"
              },
              "uuid": "6f548cfa-3632-4ceb-ae22-9f1ce1dffa37",
              "parentUUID": "cc933cbc-f92e-429c-b9a3-399364c268b7",
              "isHook": false,
              "skipped": false
            },
            {
              "title": "Deve editar um produto já cadastrado",
              "fullTitle": "Testes da Funcionalidade Produtos Deve editar um produto já cadastrado",
              "timedOut": null,
              "duration": 50,
              "state": "passed",
              "speed": "medium",
              "pass": true,
              "fail": false,
              "pending": false,
              "context": null,
              "code": "cy.request('produtos').then(response => {\n  let id = response.body.produtos[0]._id;\n  cy.request({\n    method: 'PUT',\n    url: `produtos/${id}`,\n    headers: {\n      authorization: token\n    },\n    body: {\n      \"nome\": \"Produto Editado 45642083\",\n      \"preco\": 100,\n      \"descricao\": \"Produto editado\",\n      \"quantidade\": 100\n    }\n  }).then(response => {\n    expect(response.body.message).to.equal('Registro alterado com sucesso');\n  });\n});",
              "err": {},
              "uuid": "eec51844-ab22-4483-b49c-4ee8423638ce",
              "parentUUID": "cc933cbc-f92e-429c-b9a3-399364c268b7",
              "isHook": false,
              "skipped": false
            },
            {
              "title": "Deve editar um produto cadastrado previamente",
              "fullTitle": "Testes da Funcionalidade Produtos Deve editar um produto cadastrado previamente",
              "timedOut": null,
              "duration": 40,
              "state": "passed",
              "speed": "medium",
              "pass": true,
              "fail": false,
              "pending": false,
              "context": null,
              "code": "let produto = `Produto EBAC ${Math.floor(Math.random() * 100000000)}`;\ncy.cadastrarProduto(token, produto, 250, \"Descrição do produto novo\", 180).then(response => {\n  let id = response.body._id;\n  cy.request({\n    method: 'PUT',\n    url: `produtos/${id}`,\n    headers: {\n      authorization: token\n    },\n    body: {\n      \"nome\": produto,\n      \"preco\": 200,\n      \"descricao\": \"Produto editado\",\n      \"quantidade\": 300\n    }\n  }).then(response => {\n    expect(response.body.message).to.equal('Registro alterado com sucesso');\n  });\n});",
              "err": {},
              "uuid": "141ad3ef-b3de-40c6-a4f2-0a8df60f973c",
              "parentUUID": "cc933cbc-f92e-429c-b9a3-399364c268b7",
              "isHook": false,
              "skipped": false
            },
            {
              "title": "Deve deletar um produto previamente cadastrado",
              "fullTitle": "Testes da Funcionalidade Produtos Deve deletar um produto previamente cadastrado",
              "timedOut": null,
              "duration": 47,
              "state": "passed",
              "speed": "medium",
              "pass": true,
              "fail": false,
              "pending": false,
              "context": null,
              "code": "let produto = `Produto EBAC ${Math.floor(Math.random() * 100000000)}`;\ncy.cadastrarProduto(token, produto, 250, \"Descrição do produto novo\", 180).then(response => {\n  let id = response.body._id;\n  cy.request({\n    method: 'DELETE',\n    url: `produtos/${id}`,\n    headers: {\n      authorization: token\n    }\n  }).then(response => {\n    expect(response.body.message).to.equal('Registro excluído com sucesso');\n    expect(response.status).to.equal(200);\n  });\n});",
              "err": {},
              "uuid": "9016e62b-47ce-4e5a-8d7e-e991c2cdb21e",
              "parentUUID": "cc933cbc-f92e-429c-b9a3-399364c268b7",
              "isHook": false,
              "skipped": false
            }
          ],
          "suites": [],
          "passes": [
            "77c7d529-8901-4737-b160-768e2c038a77",
            "34e4958a-1736-4798-9ac2-a24b16b7ef06",
            "d2b9129d-3190-4699-9046-8d0509d4c1d5",
            "eec51844-ab22-4483-b49c-4ee8423638ce",
            "141ad3ef-b3de-40c6-a4f2-0a8df60f973c",
            "9016e62b-47ce-4e5a-8d7e-e991c2cdb21e"
          ],
          "failures": [
            "6f548cfa-3632-4ceb-ae22-9f1ce1dffa37"
          ],
          "pending": [],
          "skipped": [],
          "duration": 481,
          "root": false,
          "rootEmpty": false,
          "_timeout": 2000
        }
      ],
      "passes": [],
      "failures": [],
      "pending": [],
      "skipped": [],
      "duration": 0,
      "root": true,
      "rootEmpty": true,
      "_timeout": 2000
    },
    {
      "uuid": "844f806c-7d6d-431c-933c-2684c0b199b0",
      "title": "",
      "fullFile": "cypress/integration/usuarios.spec.js",
      "file": "cypress/integration/usuarios.spec.js",
      "beforeHooks": [],
      "afterHooks": [],
      "tests": [],
      "suites": [
        {
          "uuid": "5515e16a-9d67-42c5-beeb-76f2793ec3bb",
          "title": "Deve listar usuários cadastrados",
          "fullFile": "",
          "file": "",
          "beforeHooks": [],
          "afterHooks": [],
          "tests": [
            {
              "title": "Deve validar contrato de usuarios",
              "fullTitle": "Deve listar usuários cadastrados Deve validar contrato de usuarios",
              "timedOut": null,
              "duration": 214,
              "state": "failed",
              "speed": null,
              "pass": false,
              "fail": true,
              "pending": false,
              "context": null,
              "code": "cy.request('produtos').then(response => {\n  return _usuarios.default.validateAsync(response.body);\n});",
              "err": {
                "message": "ValidationError: \"produtos\" is not allowed",
                "estack": "ValidationError: \"produtos\" is not allowed",
                "diff": null
              },
              "uuid": "eb2ea846-b781-4903-a4fe-c66a39227318",
              "parentUUID": "5515e16a-9d67-42c5-beeb-76f2793ec3bb",
              "isHook": false,
              "skipped": false
            }
          ],
          "suites": [],
          "passes": [],
          "failures": [
            "eb2ea846-b781-4903-a4fe-c66a39227318"
          ],
          "pending": [],
          "skipped": [],
          "duration": 214,
          "root": false,
          "rootEmpty": false,
          "_timeout": 2000
        }
      ],
      "passes": [],
      "failures": [],
      "pending": [],
      "skipped": [],
      "duration": 0,
      "root": true,
      "rootEmpty": true,
      "_timeout": 2000
    },
    {
      "uuid": "ca4c029c-bcf7-4918-8cf6-017cbddb19d8",
      "title": "",
      "fullFile": "cypress/integration/exercicio-api.spec.js",
      "file": "cypress/integration/exercicio-api.spec.js",
      "beforeHooks": [],
      "afterHooks": [],
      "tests": [],
      "suites": [
        {
          "uuid": "1bd67ab6-ee58-40d8-9af3-3998b08aaf91",
          "title": "Testes da Funcionalidade Usuários",
          "fullFile": "",
          "file": "",
          "beforeHooks": [],
          "afterHooks": [],
          "tests": [
            {
              "title": "Deve validar contrato de usuários",
              "fullTitle": "Testes da Funcionalidade Usuários Deve validar contrato de usuários",
              "timedOut": null,
              "duration": 20,
              "state": "passed",
              "speed": "fast",
              "pass": true,
              "fail": false,
              "pending": false,
              "context": null,
              "code": "//TODO:",
              "err": {},
              "uuid": "c555fac2-caf3-4101-9abf-120ca0608ca6",
              "parentUUID": "1bd67ab6-ee58-40d8-9af3-3998b08aaf91",
              "isHook": false,
              "skipped": false
            },
            {
              "title": "Deve listar usuários cadastrados",
              "fullTitle": "Testes da Funcionalidade Usuários Deve listar usuários cadastrados",
              "timedOut": null,
              "duration": 10,
              "state": "passed",
              "speed": "fast",
              "pass": true,
              "fail": false,
              "pending": false,
              "context": null,
              "code": "//TODO:",
              "err": {},
              "uuid": "1686a1a9-a805-4033-b144-bedd75cc5ecc",
              "parentUUID": "1bd67ab6-ee58-40d8-9af3-3998b08aaf91",
              "isHook": false,
              "skipped": false
            },
            {
              "title": "Deve cadastrar um usuário com sucesso",
              "fullTitle": "Testes da Funcionalidade Usuários Deve cadastrar um usuário com sucesso",
              "timedOut": null,
              "duration": 8,
              "state": "passed",
              "speed": "fast",
              "pass": true,
              "fail": false,
              "pending": false,
              "context": null,
              "code": "//TODO:",
              "err": {},
              "uuid": "4556d50d-57c6-4357-b6d9-00ba37c2c3de",
              "parentUUID": "1bd67ab6-ee58-40d8-9af3-3998b08aaf91",
              "isHook": false,
              "skipped": false
            },
            {
              "title": "Deve validar um usuário com email inválido",
              "fullTitle": "Testes da Funcionalidade Usuários Deve validar um usuário com email inválido",
              "timedOut": null,
              "duration": 6,
              "state": "passed",
              "speed": "fast",
              "pass": true,
              "fail": false,
              "pending": false,
              "context": null,
              "code": "//TODO:",
              "err": {},
              "uuid": "50ad490f-6943-47f8-81b8-a93461c457e0",
              "parentUUID": "1bd67ab6-ee58-40d8-9af3-3998b08aaf91",
              "isHook": false,
              "skipped": false
            },
            {
              "title": "Deve editar um usuário previamente cadastrado",
              "fullTitle": "Testes da Funcionalidade Usuários Deve editar um usuário previamente cadastrado",
              "timedOut": null,
              "duration": 5,
              "state": "passed",
              "speed": "fast",
              "pass": true,
              "fail": false,
              "pending": false,
              "context": null,
              "code": "//TODO:",
              "err": {},
              "uuid": "bece6650-1abf-430e-a323-3a7643a240b5",
              "parentUUID": "1bd67ab6-ee58-40d8-9af3-3998b08aaf91",
              "isHook": false,
              "skipped": false
            },
            {
              "title": "Deve deletar um usuário previamente cadastrado",
              "fullTitle": "Testes da Funcionalidade Usuários Deve deletar um usuário previamente cadastrado",
              "timedOut": null,
              "duration": 8,
              "state": "passed",
              "speed": "fast",
              "pass": true,
              "fail": false,
              "pending": false,
              "context": null,
              "code": "//TODO:",
              "err": {},
              "uuid": "b9661521-e7fe-4d2b-b257-4683829712be",
              "parentUUID": "1bd67ab6-ee58-40d8-9af3-3998b08aaf91",
              "isHook": false,
              "skipped": false
            }
          ],
          "suites": [],
          "passes": [
            "c555fac2-caf3-4101-9abf-120ca0608ca6",
            "1686a1a9-a805-4033-b144-bedd75cc5ecc",
            "4556d50d-57c6-4357-b6d9-00ba37c2c3de",
            "50ad490f-6943-47f8-81b8-a93461c457e0",
            "bece6650-1abf-430e-a323-3a7643a240b5",
            "b9661521-e7fe-4d2b-b257-4683829712be"
          ],
          "failures": [],
          "pending": [],
          "skipped": [],
          "duration": 57,
          "root": false,
          "rootEmpty": false,
          "_timeout": 2000
        }
      ],
      "passes": [],
      "failures": [],
      "pending": [],
      "skipped": [],
      "duration": 0,
      "root": true,
      "rootEmpty": true,
      "_timeout": 2000
    },
    {
      "uuid": "fa1e22b7-514b-45b8-a6a5-f471a207b5d3",
      "title": "",
      "fullFile": "cypress/integration/login.spec.js",
      "file": "cypress/integration/login.spec.js",
      "beforeHooks": [],
      "afterHooks": [],
      "tests": [],
      "suites": [
        {
          "uuid": "98b72e0c-a984-49a4-acfd-f3de938c6e28",
          "title": "Login",
          "fullFile": "",
          "file": "",
          "beforeHooks": [],
          "afterHooks": [],
          "tests": [
            {
              "title": "Deve fazer login com sucesso",
              "fullTitle": "Login Deve fazer login com sucesso",
              "timedOut": null,
              "duration": 79,
              "state": "passed",
              "speed": "slow",
              "pass": true,
              "fail": false,
              "pending": false,
              "context": null,
              "code": "cy.request({\n  method: 'POST',\n  url: 'login',\n  body: {\n    \"email\": \"fulano@qa.com\",\n    \"password\": \"teste\"\n  }\n}).then(response => {\n  expect(response.status).to.equal(200);\n  expect(response.body.message).to.equal('Login realizado com sucesso');\n  cy.log(response.body.authorization);\n});",
              "err": {},
              "uuid": "31e62355-e14a-4661-876c-135a2ec3ce05",
              "parentUUID": "98b72e0c-a984-49a4-acfd-f3de938c6e28",
              "isHook": false,
              "skipped": false
            }
          ],
          "suites": [],
          "passes": [
            "31e62355-e14a-4661-876c-135a2ec3ce05"
          ],
          "failures": [],
          "pending": [],
          "skipped": [],
          "duration": 79,
          "root": false,
          "rootEmpty": false,
          "_timeout": 2000
        }
      ],
      "passes": [],
      "failures": [],
      "pending": [],
      "skipped": [],
      "duration": 0,
      "root": true,
      "rootEmpty": true,
      "_timeout": 2000
    },
    {
      "uuid": "a19874e3-1c2e-4dc4-878d-f42d59157b7a",
      "title": "",
      "fullFile": "cypress/integration/produtos.spec.js",
      "file": "cypress/integration/produtos.spec.js",
      "beforeHooks": [],
      "afterHooks": [],
      "tests": [],
      "suites": [
        {
          "uuid": "59b761fd-ffaa-4f01-aed4-386c18266e0f",
          "title": "Testes da Funcionalidade Produtos",
          "fullFile": "",
          "file": "",
          "beforeHooks": [],
          "afterHooks": [],
          "tests": [
            {
              "title": "Deve validar contrato de produtos",
              "fullTitle": "Testes da Funcionalidade Produtos Deve validar contrato de produtos",
              "timedOut": null,
              "duration": 61,
              "state": "passed",
              "speed": "medium",
              "pass": true,
              "fail": false,
              "pending": false,
              "context": null,
              "code": "cy.request('produtos').then(response => {\n  return _produtos.default.validateAsync(response.body);\n});",
              "err": {},
              "uuid": "a860d59a-1ac4-4780-be3c-8c4d82b6ef5b",
              "parentUUID": "59b761fd-ffaa-4f01-aed4-386c18266e0f",
              "isHook": false,
              "skipped": false
            },
            {
              "title": "Deve listar os produtos cadastrados",
              "fullTitle": "Testes da Funcionalidade Produtos Deve listar os produtos cadastrados",
              "timedOut": null,
              "duration": 29,
              "state": "passed",
              "speed": "fast",
              "pass": true,
              "fail": false,
              "pending": false,
              "context": null,
              "code": "cy.request({\n  method: 'GET',\n  url: 'produtos'\n}).then(response => {\n  //expect(response.body.produtos[9].nome).to.equal('Produto EBAC 436746')\n  expect(response.status).to.equal(200);\n  expect(response.body).to.have.property('produtos');\n  expect(response.duration).to.be.lessThan(20);\n});",
              "err": {},
              "uuid": "5295c389-c2f5-4df3-b31d-3986f22921b7",
              "parentUUID": "59b761fd-ffaa-4f01-aed4-386c18266e0f",
              "isHook": false,
              "skipped": false
            },
            {
              "title": "Deve cadastrar um produto com sucesso",
              "fullTitle": "Testes da Funcionalidade Produtos Deve cadastrar um produto com sucesso",
              "timedOut": null,
              "duration": 23,
              "state": "passed",
              "speed": "fast",
              "pass": true,
              "fail": false,
              "pending": false,
              "context": null,
              "code": "let produto = `Produto EBAC ${Math.floor(Math.random() * 100000000)}`;\ncy.request({\n  method: 'POST',\n  url: 'produtos',\n  body: {\n    \"nome\": produto,\n    \"preco\": 200,\n    \"descricao\": \"Produto novo\",\n    \"quantidade\": 100\n  },\n  headers: {\n    authorization: token\n  }\n}).then(response => {\n  expect(response.status).to.equal(201);\n  expect(response.body.message).to.equal('Cadastro realizado com sucesso');\n});",
              "err": {},
              "uuid": "9a7251e5-e6fd-45b4-a40c-607112a980c8",
              "parentUUID": "59b761fd-ffaa-4f01-aed4-386c18266e0f",
              "isHook": false,
              "skipped": false
            },
            {
              "title": "Deve validar mensagem de erro ao cadastrar produto repetido",
              "fullTitle": "Testes da Funcionalidade Produtos Deve validar mensagem de erro ao cadastrar produto repetido",
              "timedOut": null,
              "duration": 18,
              "state": "passed",
              "speed": "fast",
              "pass": true,
              "fail": false,
              "pending": false,
              "context": null,
              "code": "cy.cadastrarProduto(token, 'Produto EBAC Novo 1', 250, \"Descrição do produto novo\", 180).then(response => {\n  expect(response.status).to.equal(400);\n  expect(response.body.message).to.equal('Já existe produto com esse nome');\n});",
              "err": {},
              "uuid": "05441470-8a60-4490-968c-d20af4901a1a",
              "parentUUID": "59b761fd-ffaa-4f01-aed4-386c18266e0f",
              "isHook": false,
              "skipped": false
            },
            {
              "title": "Deve editar um produto já cadastrado",
              "fullTitle": "Testes da Funcionalidade Produtos Deve editar um produto já cadastrado",
              "timedOut": null,
              "duration": 215,
              "state": "failed",
              "speed": null,
              "pass": false,
              "fail": true,
              "pending": false,
              "context": null,
              "code": "cy.request('produtos').then(response => {\n  let id = response.body.produtos[0]._id;\n  cy.request({\n    method: 'PUT',\n    url: `produtos/${id}`,\n    headers: {\n      authorization: token\n    },\n    body: {\n      \"nome\": \"Produto Editado 45642083\",\n      \"preco\": 100,\n      \"descricao\": \"Produto editado\",\n      \"quantidade\": 100\n    }\n  }).then(response => {\n    expect(response.body.message).to.equal('Registro alterado com sucesso');\n  });\n});",
              "err": {
                "message": "CypressError: `cy.request()` failed on:\n\nhttp://localhost:3000/produtos/2j2AYkPNoDPul2un\n\nThe response we received from your web server was:\n\n  > 400: Bad Request\n\nThis was considered a failure because the status code was not `2xx` or `3xx`.\n\nIf you do not want status codes to cause failures pass the option: `failOnStatusCode: false`\n\n-----------------------------------------------------------\n\nThe request we sent was:\n\nMethod: PUT\nURL: http://localhost:3000/produtos/2j2AYkPNoDPul2un\nHeaders: {\n  \"Connection\": \"keep-alive\",\n  \"authorization\": \"Bearer eyJhbGciOiJIUzI1NiIsInR5cCI6IkpXVCJ9.eyJlbWFpbCI6ImZ1bGFub0BxYS5jb20iLCJwYXNzd29yZCI6InRlc3RlIiwiaWF0IjoxNjgxODE2OTA0LCJleHAiOjE2ODE4MTc1MDR9.PsLXUaZ4KYTO81GdYu74QD-yjup5iW6EttM8v1Y6ukA\",\n  \"user-agent\": \"Mozilla/5.0 (Windows NT 10.0; Win64; x64) AppleWebKit/537.36 (KHTML, like Gecko) Cypress/8.3.0 Chrome/91.0.4472.124 Electron/13.1.7 Safari/537.36\",\n  \"accept\": \"*/*\",\n  \"accept-encoding\": \"gzip, deflate\",\n  \"content-type\": \"application/json\",\n  \"content-length\": 94\n}\nBody: {\"nome\":\"Produto Editado 45642083\",\"preco\":100,\"descricao\":\"Produto editado\",\"quantidade\":100}\n\n-----------------------------------------------------------\n\nThe response we got was:\n\nStatus: 400 - Bad Request\nHeaders: {\n  \"access-control-allow-origin\": \"*\",\n  \"x-dns-prefetch-control\": \"off\",\n  \"x-frame-options\": \"SAMEORIGIN\",\n  \"strict-transport-security\": \"max-age=15552000; includeSubDomains\",\n  \"x-download-options\": \"noopen\",\n  \"x-content-type-options\": \"nosniff\",\n  \"x-xss-protection\": \"1; mode=block\",\n  \"x-moesif-transaction-id\": \"9688e9ab-234c-41a3-8f34-bfe2fbbed99d\",\n  \"content-type\": \"application/json; charset=utf-8\",\n  \"content-length\": \"53\",\n  \"date\": \"Tue, 18 Apr 2023 11:21:45 GMT\",\n  \"connection\": \"keep-alive\",\n  \"keep-alive\": \"timeout=5\"\n}\nBody: {\n  \"message\": \"Já existe produto com esse nome\"\n}\n\n\nhttps://on.cypress.io/request",
                "estack": "CypressError: `cy.request()` failed on:\n\nhttp://localhost:3000/produtos/2j2AYkPNoDPul2un\n\nThe response we received from your web server was:\n\n  > 400: Bad Request\n\nThis was considered a failure because the status code was not `2xx` or `3xx`.\n\nIf you do not want status codes to cause failures pass the option: `failOnStatusCode: false`\n\n-----------------------------------------------------------\n\nThe request we sent was:\n\nMethod: PUT\nURL: http://localhost:3000/produtos/2j2AYkPNoDPul2un\nHeaders: {\n  \"Connection\": \"keep-alive\",\n  \"authorization\": \"Bearer eyJhbGciOiJIUzI1NiIsInR5cCI6IkpXVCJ9.eyJlbWFpbCI6ImZ1bGFub0BxYS5jb20iLCJwYXNzd29yZCI6InRlc3RlIiwiaWF0IjoxNjgxODE2OTA0LCJleHAiOjE2ODE4MTc1MDR9.PsLXUaZ4KYTO81GdYu74QD-yjup5iW6EttM8v1Y6ukA\",\n  \"user-agent\": \"Mozilla/5.0 (Windows NT 10.0; Win64; x64) AppleWebKit/537.36 (KHTML, like Gecko) Cypress/8.3.0 Chrome/91.0.4472.124 Electron/13.1.7 Safari/537.36\",\n  \"accept\": \"*/*\",\n  \"accept-encoding\": \"gzip, deflate\",\n  \"content-type\": \"application/json\",\n  \"content-length\": 94\n}\nBody: {\"nome\":\"Produto Editado 45642083\",\"preco\":100,\"descricao\":\"Produto editado\",\"quantidade\":100}\n\n-----------------------------------------------------------\n\nThe response we got was:\n\nStatus: 400 - Bad Request\nHeaders: {\n  \"access-control-allow-origin\": \"*\",\n  \"x-dns-prefetch-control\": \"off\",\n  \"x-frame-options\": \"SAMEORIGIN\",\n  \"strict-transport-security\": \"max-age=15552000; includeSubDomains\",\n  \"x-download-options\": \"noopen\",\n  \"x-content-type-options\": \"nosniff\",\n  \"x-xss-protection\": \"1; mode=block\",\n  \"x-moesif-transaction-id\": \"9688e9ab-234c-41a3-8f34-bfe2fbbed99d\",\n  \"content-type\": \"application/json; charset=utf-8\",\n  \"content-length\": \"53\",\n  \"date\": \"Tue, 18 Apr 2023 11:21:45 GMT\",\n  \"connection\": \"keep-alive\",\n  \"keep-alive\": \"timeout=5\"\n}\nBody: {\n  \"message\": \"Já existe produto com esse nome\"\n}\n\n\nhttps://on.cypress.io/request\n    at http://localhost:3000/__cypress/runner/cypress_runner.js:145287:21\n    at tryCatcher (http://localhost:3000/__cypress/runner/cypress_runner.js:13222:23)\n    at Promise._settlePromiseFromHandler (http://localhost:3000/__cypress/runner/cypress_runner.js:11157:31)\n    at Promise._settlePromise (http://localhost:3000/__cypress/runner/cypress_runner.js:11214:18)\n    at Promise._settlePromise0 (http://localhost:3000/__cypress/runner/cypress_runner.js:11259:10)\n    at Promise._settlePromises (http://localhost:3000/__cypress/runner/cypress_runner.js:11339:18)\n    at _drainQueueStep (http://localhost:3000/__cypress/runner/cypress_runner.js:7929:12)\n    at _drainQueue (http://localhost:3000/__cypress/runner/cypress_runner.js:7922:9)\n    at Async.../../node_modules/bluebird/js/release/async.js.Async._drainQueues (http://localhost:3000/__cypress/runner/cypress_runner.js:7938:5)\n    at Async.drainQueues (http://localhost:3000/__cypress/runner/cypress_runner.js:7808:14)\nFrom Your Spec Code:\n    at Context.eval (http://localhost:3000/__cypress/tests?p=cypress\\integration\\produtos.spec.js:206:10)",
                "diff": null
              },
              "uuid": "ce7643c9-8cb4-43d8-ad18-d22b4683e3b1",
              "parentUUID": "59b761fd-ffaa-4f01-aed4-386c18266e0f",
              "isHook": false,
              "skipped": false
            },
            {
              "title": "Deve editar um produto cadastrado previamente",
              "fullTitle": "Testes da Funcionalidade Produtos Deve editar um produto cadastrado previamente",
              "timedOut": null,
              "duration": 42,
              "state": "passed",
              "speed": "medium",
              "pass": true,
              "fail": false,
              "pending": false,
              "context": null,
              "code": "let produto = `Produto EBAC ${Math.floor(Math.random() * 100000000)}`;\ncy.cadastrarProduto(token, produto, 250, \"Descrição do produto novo\", 180).then(response => {\n  let id = response.body._id;\n  cy.request({\n    method: 'PUT',\n    url: `produtos/${id}`,\n    headers: {\n      authorization: token\n    },\n    body: {\n      \"nome\": produto,\n      \"preco\": 200,\n      \"descricao\": \"Produto editado\",\n      \"quantidade\": 300\n    }\n  }).then(response => {\n    expect(response.body.message).to.equal('Registro alterado com sucesso');\n  });\n});",
              "err": {},
              "uuid": "b38c85af-959f-46ff-84c4-931d81c55c29",
              "parentUUID": "59b761fd-ffaa-4f01-aed4-386c18266e0f",
              "isHook": false,
              "skipped": false
            },
            {
              "title": "Deve deletar um produto previamente cadastrado",
              "fullTitle": "Testes da Funcionalidade Produtos Deve deletar um produto previamente cadastrado",
              "timedOut": null,
              "duration": 39,
              "state": "passed",
              "speed": "medium",
              "pass": true,
              "fail": false,
              "pending": false,
              "context": null,
              "code": "let produto = `Produto EBAC ${Math.floor(Math.random() * 100000000)}`;\ncy.cadastrarProduto(token, produto, 250, \"Descrição do produto novo\", 180).then(response => {\n  let id = response.body._id;\n  cy.request({\n    method: 'DELETE',\n    url: `produtos/${id}`,\n    headers: {\n      authorization: token\n    }\n  }).then(response => {\n    expect(response.body.message).to.equal('Registro excluído com sucesso');\n    expect(response.status).to.equal(200);\n  });\n});",
              "err": {},
              "uuid": "9f4c8dd1-9473-47ef-8124-d542617809e8",
              "parentUUID": "59b761fd-ffaa-4f01-aed4-386c18266e0f",
              "isHook": false,
              "skipped": false
            }
          ],
          "suites": [],
          "passes": [
            "a860d59a-1ac4-4780-be3c-8c4d82b6ef5b",
            "5295c389-c2f5-4df3-b31d-3986f22921b7",
            "9a7251e5-e6fd-45b4-a40c-607112a980c8",
            "05441470-8a60-4490-968c-d20af4901a1a",
            "b38c85af-959f-46ff-84c4-931d81c55c29",
            "9f4c8dd1-9473-47ef-8124-d542617809e8"
          ],
          "failures": [
            "ce7643c9-8cb4-43d8-ad18-d22b4683e3b1"
          ],
          "pending": [],
          "skipped": [],
          "duration": 427,
          "root": false,
          "rootEmpty": false,
          "_timeout": 2000
        }
      ],
      "passes": [],
      "failures": [],
      "pending": [],
      "skipped": [],
      "duration": 0,
      "root": true,
      "rootEmpty": true,
      "_timeout": 2000
    },
    {
      "uuid": "1b3e3cdc-3413-4812-bd6e-58c869d39506",
      "title": "",
      "fullFile": "cypress/integration/usuarios.spec.js",
      "file": "cypress/integration/usuarios.spec.js",
      "beforeHooks": [],
      "afterHooks": [],
      "tests": [],
      "suites": [
        {
          "uuid": "453ae663-1c3f-4cb7-adc0-cc57411a03dc",
          "title": "Testes da Funcionalidade Usuários",
          "fullFile": "",
          "file": "",
          "beforeHooks": [],
          "afterHooks": [],
          "tests": [
            {
              "title": "Deve validar contrato de usuarios",
              "fullTitle": "Testes da Funcionalidade Usuários Deve validar contrato de usuarios",
              "timedOut": null,
              "duration": 37,
              "state": "passed",
              "speed": "fast",
              "pass": true,
              "fail": false,
              "pending": false,
              "context": null,
              "code": "cy.request('usuarios').then(response => {\n  return _usuarios.default.validateAsync(response.body);\n});",
              "err": {},
              "uuid": "83c55f1a-3500-40c7-b131-19f629cdb1f1",
              "parentUUID": "453ae663-1c3f-4cb7-adc0-cc57411a03dc",
              "isHook": false,
              "skipped": false
            },
            {
              "title": "Deve listar usuários cadastrados",
              "fullTitle": "Testes da Funcionalidade Usuários Deve listar usuários cadastrados",
              "timedOut": null,
              "duration": 22,
              "state": "passed",
              "speed": "fast",
              "pass": true,
              "fail": false,
              "pending": false,
              "context": null,
              "code": "cy.request({\n  method: 'GET',\n  url: 'usuarios'\n}).then(response => {\n  //expect(response.body.usuarios[0].nome).to.equal('Fulano da Silva')\n  expect(response.status).to.equal(200);\n  expect(response.body).to.have.property('usuarios');\n  expect(response.duration).to.be.lessThan(20);\n});",
              "err": {},
              "uuid": "89e042df-5035-43d8-8e08-bba1841d44ef",
              "parentUUID": "453ae663-1c3f-4cb7-adc0-cc57411a03dc",
              "isHook": false,
              "skipped": false
            },
            {
              "title": "Deve cadastrar um usuário com sucesso",
              "fullTitle": "Testes da Funcionalidade Usuários Deve cadastrar um usuário com sucesso",
              "timedOut": null,
              "duration": 21,
              "state": "passed",
              "speed": "fast",
              "pass": true,
              "fail": false,
              "pending": false,
              "context": null,
              "code": "let name = `User ${Math.floor(Math.random() * 100000000)}`;\nlet email = `Email${Math.floor(Math.random() * 100000000)}@qa.com`;\nlet password = `Password ${Math.floor(Math.random() * 100000000)}`;\ncy.request({\n  method: 'POST',\n  url: 'usuarios',\n  body: {\n    \"nome\": name,\n    \"email\": email,\n    \"password\": password,\n    \"administrador\": \"true\"\n  }\n}).then(response => {\n  expect(response.status).to.equal(201);\n  expect(response.body.message).to.equal('Cadastro realizado com sucesso');\n});",
              "err": {},
              "uuid": "0d97ab9b-3493-42a8-a4ed-37145a464d4a",
              "parentUUID": "453ae663-1c3f-4cb7-adc0-cc57411a03dc",
              "isHook": false,
              "skipped": false
            },
            {
              "title": "Deve validar um usuário com email inválido",
              "fullTitle": "Testes da Funcionalidade Usuários Deve validar um usuário com email inválido",
              "timedOut": null,
              "duration": 8,
              "state": "passed",
              "speed": "fast",
              "pass": true,
              "fail": false,
              "pending": false,
              "context": null,
              "code": "//TODO:",
              "err": {},
              "uuid": "b78c8c81-e851-410a-bb80-81a79b6fee0e",
              "parentUUID": "453ae663-1c3f-4cb7-adc0-cc57411a03dc",
              "isHook": false,
              "skipped": false
            },
            {
              "title": "Deve validar um usuário com email inválido",
              "fullTitle": "Testes da Funcionalidade Usuários Deve validar um usuário com email inválido",
              "timedOut": null,
              "duration": 17,
              "state": "passed",
              "speed": "fast",
              "pass": true,
              "fail": false,
              "pending": false,
              "context": null,
              "code": "const invalidEmail = 'emailinvalido';\ncy.request({\n  method: 'POST',\n  url: '/usuarios',\n  body: {\n    \"nome\": \"Fulano da Silva\",\n    \"email\": invalidEmail,\n    \"password\": \"teste\",\n    \"administrador\": \"true\"\n  },\n  failOnStatusCode: false\n}).then(response => {\n  expect(response.status).to.equal(400);\n  expect(response.body.email).to.equal('email deve ser um email válido');\n});",
              "err": {},
              "uuid": "46241606-81e3-4026-9a10-ecbf751f191e",
              "parentUUID": "453ae663-1c3f-4cb7-adc0-cc57411a03dc",
              "isHook": false,
              "skipped": false
            },
            {
              "title": "Deve editar um usuário previamente cadastrado",
              "fullTitle": "Testes da Funcionalidade Usuários Deve editar um usuário previamente cadastrado",
              "timedOut": null,
              "duration": 30,
              "state": "passed",
              "speed": "fast",
              "pass": true,
              "fail": false,
              "pending": false,
              "context": null,
              "code": "let nome = `User ${Math.floor(Math.random() * 100000000)}`;\nlet email = `Email${Math.floor(Math.random() * 100000000)}@qa.com`;\nlet password = `Password ${Math.floor(Math.random() * 100000000)}`;\ncy.cadastrarUsuario(nome, email, password, \"true\").then(response => {\n  let id = response.body._id;\n  cy.request({\n    method: 'PUT',\n    url: `usuarios/${id}`,\n    body: {\n      \"nome\": nome,\n      \"email\": email,\n      \"password\": password,\n      \"administrador\": \"true\"\n    }\n  }).then(response => {\n    expect(response.body.message).to.equal('Registro alterado com sucesso');\n  });\n});",
              "err": {},
              "uuid": "9bf3976c-7d59-4b8f-aa04-0d3f55d88dbf",
              "parentUUID": "453ae663-1c3f-4cb7-adc0-cc57411a03dc",
              "isHook": false,
              "skipped": false
            },
            {
              "title": "Deve deletar um usuário previamente cadastrado",
              "fullTitle": "Testes da Funcionalidade Usuários Deve deletar um usuário previamente cadastrado",
              "timedOut": null,
              "duration": 33,
              "state": "passed",
              "speed": "fast",
              "pass": true,
              "fail": false,
              "pending": false,
              "context": null,
              "code": "let nome = `User ${Math.floor(Math.random() * 100000000)}`;\nlet email = `Email${Math.floor(Math.random() * 100000000)}@qa.com`;\nlet password = `Password ${Math.floor(Math.random() * 100000000)}`;\ncy.cadastrarUsuario(nome, email, password, \"true\").then(response => {\n  let id = response.body._id;\n  cy.request({\n    method: 'DELETE',\n    url: `usuarios/${id}`\n  }).then(response => {\n    expect(response.body.message).to.equal('Registro excluído com sucesso');\n    expect(response.status).to.equal(200);\n  });\n});",
              "err": {},
              "uuid": "870b2d21-3b1a-4ab7-b3b4-81e198ea6d1d",
              "parentUUID": "453ae663-1c3f-4cb7-adc0-cc57411a03dc",
              "isHook": false,
              "skipped": false
            }
          ],
          "suites": [],
          "passes": [
            "83c55f1a-3500-40c7-b131-19f629cdb1f1",
            "89e042df-5035-43d8-8e08-bba1841d44ef",
            "0d97ab9b-3493-42a8-a4ed-37145a464d4a",
            "b78c8c81-e851-410a-bb80-81a79b6fee0e",
            "46241606-81e3-4026-9a10-ecbf751f191e",
            "9bf3976c-7d59-4b8f-aa04-0d3f55d88dbf",
            "870b2d21-3b1a-4ab7-b3b4-81e198ea6d1d"
          ],
          "failures": [],
          "pending": [],
          "skipped": [],
          "duration": 168,
          "root": false,
          "rootEmpty": false,
          "_timeout": 2000
        }
      ],
      "passes": [],
      "failures": [],
      "pending": [],
      "skipped": [],
      "duration": 0,
      "root": true,
      "rootEmpty": true,
      "_timeout": 2000
    },
    {
      "uuid": "1c117a36-235b-4337-9aa0-9a64b3dfa2d3",
      "title": "",
      "fullFile": "cypress/integration/exercicio-api.spec.js",
      "file": "cypress/integration/exercicio-api.spec.js",
      "beforeHooks": [],
      "afterHooks": [],
      "tests": [],
      "suites": [
        {
          "uuid": "31e93d00-e3bf-4034-a2c3-281b732faf65",
          "title": "Testes da Funcionalidade Usuários",
          "fullFile": "",
          "file": "",
          "beforeHooks": [],
          "afterHooks": [],
          "tests": [
            {
              "title": "Deve validar contrato de usuários",
              "fullTitle": "Testes da Funcionalidade Usuários Deve validar contrato de usuários",
              "timedOut": null,
              "duration": 18,
              "state": "passed",
              "speed": "fast",
              "pass": true,
              "fail": false,
              "pending": false,
              "context": null,
              "code": "//TODO:",
              "err": {},
              "uuid": "c5764502-2e50-4fca-b686-89d503aeeb48",
              "parentUUID": "31e93d00-e3bf-4034-a2c3-281b732faf65",
              "isHook": false,
              "skipped": false
            },
            {
              "title": "Deve listar usuários cadastrados",
              "fullTitle": "Testes da Funcionalidade Usuários Deve listar usuários cadastrados",
              "timedOut": null,
              "duration": 11,
              "state": "passed",
              "speed": "fast",
              "pass": true,
              "fail": false,
              "pending": false,
              "context": null,
              "code": "//TODO:",
              "err": {},
              "uuid": "a401988e-85ba-40c8-b9c0-744a0e1b7698",
              "parentUUID": "31e93d00-e3bf-4034-a2c3-281b732faf65",
              "isHook": false,
              "skipped": false
            },
            {
              "title": "Deve cadastrar um usuário com sucesso",
              "fullTitle": "Testes da Funcionalidade Usuários Deve cadastrar um usuário com sucesso",
              "timedOut": null,
              "duration": 9,
              "state": "passed",
              "speed": "fast",
              "pass": true,
              "fail": false,
              "pending": false,
              "context": null,
              "code": "//TODO:",
              "err": {},
              "uuid": "2361da93-bf07-403b-bb3b-d24a82fdd780",
              "parentUUID": "31e93d00-e3bf-4034-a2c3-281b732faf65",
              "isHook": false,
              "skipped": false
            },
            {
              "title": "Deve validar um usuário com email inválido",
              "fullTitle": "Testes da Funcionalidade Usuários Deve validar um usuário com email inválido",
              "timedOut": null,
              "duration": 10,
              "state": "passed",
              "speed": "fast",
              "pass": true,
              "fail": false,
              "pending": false,
              "context": null,
              "code": "//TODO:",
              "err": {},
              "uuid": "870db914-70c6-40ea-8501-e26d1fdb3fd4",
              "parentUUID": "31e93d00-e3bf-4034-a2c3-281b732faf65",
              "isHook": false,
              "skipped": false
            },
            {
              "title": "Deve editar um usuário previamente cadastrado",
              "fullTitle": "Testes da Funcionalidade Usuários Deve editar um usuário previamente cadastrado",
              "timedOut": null,
              "duration": 5,
              "state": "passed",
              "speed": "fast",
              "pass": true,
              "fail": false,
              "pending": false,
              "context": null,
              "code": "//TODO:",
              "err": {},
              "uuid": "da82e0b9-4b67-470e-969d-11ca68d7718d",
              "parentUUID": "31e93d00-e3bf-4034-a2c3-281b732faf65",
              "isHook": false,
              "skipped": false
            },
            {
              "title": "Deve deletar um usuário previamente cadastrado",
              "fullTitle": "Testes da Funcionalidade Usuários Deve deletar um usuário previamente cadastrado",
              "timedOut": null,
              "duration": 5,
              "state": "passed",
              "speed": "fast",
              "pass": true,
              "fail": false,
              "pending": false,
              "context": null,
              "code": "//TODO:",
              "err": {},
              "uuid": "1929a06e-ce98-4333-abf3-5980c2a35c4d",
              "parentUUID": "31e93d00-e3bf-4034-a2c3-281b732faf65",
              "isHook": false,
              "skipped": false
            }
          ],
          "suites": [],
          "passes": [
            "c5764502-2e50-4fca-b686-89d503aeeb48",
            "a401988e-85ba-40c8-b9c0-744a0e1b7698",
            "2361da93-bf07-403b-bb3b-d24a82fdd780",
            "870db914-70c6-40ea-8501-e26d1fdb3fd4",
            "da82e0b9-4b67-470e-969d-11ca68d7718d",
            "1929a06e-ce98-4333-abf3-5980c2a35c4d"
          ],
          "failures": [],
          "pending": [],
          "skipped": [],
          "duration": 58,
          "root": false,
          "rootEmpty": false,
          "_timeout": 2000
        }
      ],
      "passes": [],
      "failures": [],
      "pending": [],
      "skipped": [],
      "duration": 0,
      "root": true,
      "rootEmpty": true,
      "_timeout": 2000
    },
    {
      "uuid": "8a55b895-9907-4dd6-a53b-5abd8ec824da",
      "title": "",
      "fullFile": "cypress/integration/login.spec.js",
      "file": "cypress/integration/login.spec.js",
      "beforeHooks": [],
      "afterHooks": [],
      "tests": [],
      "suites": [
        {
          "uuid": "89fba118-449b-4d16-b1e9-26ed5f2236e0",
          "title": "Login",
          "fullFile": "",
          "file": "",
          "beforeHooks": [],
          "afterHooks": [],
          "tests": [
            {
              "title": "Deve fazer login com sucesso",
              "fullTitle": "Login Deve fazer login com sucesso",
              "timedOut": null,
              "duration": 69,
              "state": "passed",
              "speed": "medium",
              "pass": true,
              "fail": false,
              "pending": false,
              "context": null,
              "code": "cy.request({\n  method: 'POST',\n  url: 'login',\n  body: {\n    \"email\": \"fulano@qa.com\",\n    \"password\": \"teste\"\n  }\n}).then(response => {\n  expect(response.status).to.equal(200);\n  expect(response.body.message).to.equal('Login realizado com sucesso');\n  cy.log(response.body.authorization);\n});",
              "err": {},
              "uuid": "e8c765e6-5267-4397-a93a-5f08f2d73698",
              "parentUUID": "89fba118-449b-4d16-b1e9-26ed5f2236e0",
              "isHook": false,
              "skipped": false
            }
          ],
          "suites": [],
          "passes": [
            "e8c765e6-5267-4397-a93a-5f08f2d73698"
          ],
          "failures": [],
          "pending": [],
          "skipped": [],
          "duration": 69,
          "root": false,
          "rootEmpty": false,
          "_timeout": 2000
        }
      ],
      "passes": [],
      "failures": [],
      "pending": [],
      "skipped": [],
      "duration": 0,
      "root": true,
      "rootEmpty": true,
      "_timeout": 2000
    },
    {
      "uuid": "b20ebb26-3d22-4ded-9161-ffd35ce9099b",
      "title": "",
      "fullFile": "cypress/integration/produtos.spec.js",
      "file": "cypress/integration/produtos.spec.js",
      "beforeHooks": [],
      "afterHooks": [],
      "tests": [],
      "suites": [
        {
          "uuid": "f2878197-8e90-449c-b6d4-8af4ac2c28af",
          "title": "Testes da Funcionalidade Produtos",
          "fullFile": "",
          "file": "",
          "beforeHooks": [],
          "afterHooks": [],
          "tests": [
            {
              "title": "Deve validar contrato de produtos",
              "fullTitle": "Testes da Funcionalidade Produtos Deve validar contrato de produtos",
              "timedOut": null,
              "duration": 58,
              "state": "passed",
              "speed": "medium",
              "pass": true,
              "fail": false,
              "pending": false,
              "context": null,
              "code": "cy.request('produtos').then(response => {\n  return _produtos.default.validateAsync(response.body);\n});",
              "err": {},
              "uuid": "99670788-7cc0-4fdb-b6ac-72f8eaa11480",
              "parentUUID": "f2878197-8e90-449c-b6d4-8af4ac2c28af",
              "isHook": false,
              "skipped": false
            },
            {
              "title": "Deve listar os produtos cadastrados",
              "fullTitle": "Testes da Funcionalidade Produtos Deve listar os produtos cadastrados",
              "timedOut": null,
              "duration": 26,
              "state": "passed",
              "speed": "fast",
              "pass": true,
              "fail": false,
              "pending": false,
              "context": null,
              "code": "cy.request({\n  method: 'GET',\n  url: 'produtos'\n}).then(response => {\n  //expect(response.body.produtos[9].nome).to.equal('Produto EBAC 436746')\n  expect(response.status).to.equal(200);\n  expect(response.body).to.have.property('produtos');\n  expect(response.duration).to.be.lessThan(20);\n});",
              "err": {},
              "uuid": "68e7b096-0593-472b-8330-f01c710644b7",
              "parentUUID": "f2878197-8e90-449c-b6d4-8af4ac2c28af",
              "isHook": false,
              "skipped": false
            },
            {
              "title": "Deve cadastrar um produto com sucesso",
              "fullTitle": "Testes da Funcionalidade Produtos Deve cadastrar um produto com sucesso",
              "timedOut": null,
              "duration": 20,
              "state": "passed",
              "speed": "fast",
              "pass": true,
              "fail": false,
              "pending": false,
              "context": null,
              "code": "let produto = `Produto EBAC ${Math.floor(Math.random() * 100000000)}`;\ncy.request({\n  method: 'POST',\n  url: 'produtos',\n  body: {\n    \"nome\": produto,\n    \"preco\": 200,\n    \"descricao\": \"Produto novo\",\n    \"quantidade\": 100\n  },\n  headers: {\n    authorization: token\n  }\n}).then(response => {\n  expect(response.status).to.equal(201);\n  expect(response.body.message).to.equal('Cadastro realizado com sucesso');\n});",
              "err": {},
              "uuid": "00d931c6-9d27-4ba6-b221-8b7940724033",
              "parentUUID": "f2878197-8e90-449c-b6d4-8af4ac2c28af",
              "isHook": false,
              "skipped": false
            },
            {
              "title": "Deve validar mensagem de erro ao cadastrar produto repetido",
              "fullTitle": "Testes da Funcionalidade Produtos Deve validar mensagem de erro ao cadastrar produto repetido",
              "timedOut": null,
              "duration": 19,
              "state": "passed",
              "speed": "fast",
              "pass": true,
              "fail": false,
              "pending": false,
              "context": null,
              "code": "cy.cadastrarProduto(token, 'Produto EBAC Novo 1', 250, \"Descrição do produto novo\", 180).then(response => {\n  expect(response.status).to.equal(400);\n  expect(response.body.message).to.equal('Já existe produto com esse nome');\n});",
              "err": {},
              "uuid": "ee4cb2c6-56dc-4e14-bc8d-c9b5dadbbc2a",
              "parentUUID": "f2878197-8e90-449c-b6d4-8af4ac2c28af",
              "isHook": false,
              "skipped": false
            },
            {
              "title": "Deve editar um produto já cadastrado",
              "fullTitle": "Testes da Funcionalidade Produtos Deve editar um produto já cadastrado",
              "timedOut": null,
              "duration": 33,
              "state": "passed",
              "speed": "fast",
              "pass": true,
              "fail": false,
              "pending": false,
              "context": null,
              "code": "cy.request('produtos').then(response => {\n  let id = response.body.produtos[0]._id;\n  cy.request({\n    method: 'PUT',\n    url: `produtos/${id}`,\n    headers: {\n      authorization: token\n    },\n    body: {\n      \"nome\": \"Produto Editado 4562083\",\n      \"preco\": 100,\n      \"descricao\": \"Produto editado\",\n      \"quantidade\": 100\n    }\n  }).then(response => {\n    expect(response.body.message).to.equal('Registro alterado com sucesso');\n  });\n});",
              "err": {},
              "uuid": "28977e94-6444-4520-8033-79615c183448",
              "parentUUID": "f2878197-8e90-449c-b6d4-8af4ac2c28af",
              "isHook": false,
              "skipped": false
            },
            {
              "title": "Deve editar um produto cadastrado previamente",
              "fullTitle": "Testes da Funcionalidade Produtos Deve editar um produto cadastrado previamente",
              "timedOut": null,
              "duration": 27,
              "state": "passed",
              "speed": "fast",
              "pass": true,
              "fail": false,
              "pending": false,
              "context": null,
              "code": "let produto = `Produto EBAC ${Math.floor(Math.random() * 100000000)}`;\ncy.cadastrarProduto(token, produto, 250, \"Descrição do produto novo\", 180).then(response => {\n  let id = response.body._id;\n  cy.request({\n    method: 'PUT',\n    url: `produtos/${id}`,\n    headers: {\n      authorization: token\n    },\n    body: {\n      \"nome\": produto,\n      \"preco\": 200,\n      \"descricao\": \"Produto editado\",\n      \"quantidade\": 300\n    }\n  }).then(response => {\n    expect(response.body.message).to.equal('Registro alterado com sucesso');\n  });\n});",
              "err": {},
              "uuid": "6e10824e-235d-4d82-b338-3453937e1582",
              "parentUUID": "f2878197-8e90-449c-b6d4-8af4ac2c28af",
              "isHook": false,
              "skipped": false
            },
            {
              "title": "Deve deletar um produto previamente cadastrado",
              "fullTitle": "Testes da Funcionalidade Produtos Deve deletar um produto previamente cadastrado",
              "timedOut": null,
              "duration": 28,
              "state": "passed",
              "speed": "fast",
              "pass": true,
              "fail": false,
              "pending": false,
              "context": null,
              "code": "let produto = `Produto EBAC ${Math.floor(Math.random() * 100000000)}`;\ncy.cadastrarProduto(token, produto, 250, \"Descrição do produto novo\", 180).then(response => {\n  let id = response.body._id;\n  cy.request({\n    method: 'DELETE',\n    url: `produtos/${id}`,\n    headers: {\n      authorization: token\n    }\n  }).then(response => {\n    expect(response.body.message).to.equal('Registro excluído com sucesso');\n    expect(response.status).to.equal(200);\n  });\n});",
              "err": {},
              "uuid": "0715aa38-e35b-4960-ac2c-69efcd781e90",
              "parentUUID": "f2878197-8e90-449c-b6d4-8af4ac2c28af",
              "isHook": false,
              "skipped": false
            }
          ],
          "suites": [],
          "passes": [
            "99670788-7cc0-4fdb-b6ac-72f8eaa11480",
            "68e7b096-0593-472b-8330-f01c710644b7",
            "00d931c6-9d27-4ba6-b221-8b7940724033",
            "ee4cb2c6-56dc-4e14-bc8d-c9b5dadbbc2a",
            "28977e94-6444-4520-8033-79615c183448",
            "6e10824e-235d-4d82-b338-3453937e1582",
            "0715aa38-e35b-4960-ac2c-69efcd781e90"
          ],
          "failures": [],
          "pending": [],
          "skipped": [],
          "duration": 211,
          "root": false,
          "rootEmpty": false,
          "_timeout": 2000
        }
      ],
      "passes": [],
      "failures": [],
      "pending": [],
      "skipped": [],
      "duration": 0,
      "root": true,
      "rootEmpty": true,
      "_timeout": 2000
    },
    {
      "uuid": "c1a54b19-1b3c-40d8-855a-9a1ecaee54d5",
      "title": "",
      "fullFile": "cypress/integration/usuarios.spec.js",
      "file": "cypress/integration/usuarios.spec.js",
      "beforeHooks": [],
      "afterHooks": [],
      "tests": [],
      "suites": [
        {
          "uuid": "88755bdc-b9c8-4a15-9725-44c9fbdfd51d",
          "title": "Testes da Funcionalidade Usuários",
          "fullFile": "",
          "file": "",
          "beforeHooks": [],
          "afterHooks": [],
          "tests": [
            {
              "title": "Deve validar contrato de usuarios",
              "fullTitle": "Testes da Funcionalidade Usuários Deve validar contrato de usuarios",
              "timedOut": null,
              "duration": 48,
              "state": "passed",
              "speed": "medium",
              "pass": true,
              "fail": false,
              "pending": false,
              "context": null,
              "code": "cy.request('usuarios').then(response => {\n  return _usuarios.default.validateAsync(response.body);\n});",
              "err": {},
              "uuid": "7bfbb0d5-1c95-4252-a647-2bf065f23726",
              "parentUUID": "88755bdc-b9c8-4a15-9725-44c9fbdfd51d",
              "isHook": false,
              "skipped": false
            },
            {
              "title": "Deve listar usuários cadastrados",
              "fullTitle": "Testes da Funcionalidade Usuários Deve listar usuários cadastrados",
              "timedOut": null,
              "duration": 24,
              "state": "passed",
              "speed": "fast",
              "pass": true,
              "fail": false,
              "pending": false,
              "context": null,
              "code": "cy.request({\n  method: 'GET',\n  url: 'usuarios'\n}).then(response => {\n  //expect(response.body.usuarios[0].nome).to.equal('Fulano da Silva')\n  expect(response.status).to.equal(200);\n  expect(response.body).to.have.property('usuarios');\n  expect(response.duration).to.be.lessThan(20);\n});",
              "err": {},
              "uuid": "7823d408-a34d-410d-892e-756ffa8778e3",
              "parentUUID": "88755bdc-b9c8-4a15-9725-44c9fbdfd51d",
              "isHook": false,
              "skipped": false
            },
            {
              "title": "Deve cadastrar um usuário com sucesso",
              "fullTitle": "Testes da Funcionalidade Usuários Deve cadastrar um usuário com sucesso",
              "timedOut": null,
              "duration": 27,
              "state": "passed",
              "speed": "fast",
              "pass": true,
              "fail": false,
              "pending": false,
              "context": null,
              "code": "let name = `User ${Math.floor(Math.random() * 100000000)}`;\nlet email = `Email${Math.floor(Math.random() * 100000000)}@qa.com`;\nlet password = `Password ${Math.floor(Math.random() * 100000000)}`;\ncy.request({\n  method: 'POST',\n  url: 'usuarios',\n  body: {\n    \"nome\": name,\n    \"email\": email,\n    \"password\": password,\n    \"administrador\": \"true\"\n  }\n}).then(response => {\n  expect(response.status).to.equal(201);\n  expect(response.body.message).to.equal('Cadastro realizado com sucesso');\n});",
              "err": {},
              "uuid": "dac78747-d24a-4b38-ae25-0f961b43f58a",
              "parentUUID": "88755bdc-b9c8-4a15-9725-44c9fbdfd51d",
              "isHook": false,
              "skipped": false
            },
            {
              "title": "Deve validar um usuário com email inválido",
              "fullTitle": "Testes da Funcionalidade Usuários Deve validar um usuário com email inválido",
              "timedOut": null,
              "duration": 12,
              "state": "passed",
              "speed": "fast",
              "pass": true,
              "fail": false,
              "pending": false,
              "context": null,
              "code": "//TODO:",
              "err": {},
              "uuid": "3db462cd-56da-4542-9369-6b14b2f4edbc",
              "parentUUID": "88755bdc-b9c8-4a15-9725-44c9fbdfd51d",
              "isHook": false,
              "skipped": false
            },
            {
              "title": "Deve validar um usuário com email inválido",
              "fullTitle": "Testes da Funcionalidade Usuários Deve validar um usuário com email inválido",
              "timedOut": null,
              "duration": 17,
              "state": "passed",
              "speed": "fast",
              "pass": true,
              "fail": false,
              "pending": false,
              "context": null,
              "code": "const invalidEmail = 'emailinvalido';\ncy.request({\n  method: 'POST',\n  url: '/usuarios',\n  body: {\n    \"nome\": \"Fulano da Silva\",\n    \"email\": invalidEmail,\n    \"password\": \"teste\",\n    \"administrador\": \"true\"\n  },\n  failOnStatusCode: false\n}).then(response => {\n  expect(response.status).to.equal(400);\n  expect(response.body.email).to.equal('email deve ser um email válido');\n});",
              "err": {},
              "uuid": "234bdc8e-0f97-42f8-9e75-8a542dee78cb",
              "parentUUID": "88755bdc-b9c8-4a15-9725-44c9fbdfd51d",
              "isHook": false,
              "skipped": false
            },
            {
              "title": "Deve editar um usuário previamente cadastrado",
              "fullTitle": "Testes da Funcionalidade Usuários Deve editar um usuário previamente cadastrado",
              "timedOut": null,
              "duration": 31,
              "state": "passed",
              "speed": "fast",
              "pass": true,
              "fail": false,
              "pending": false,
              "context": null,
              "code": "let nome = `User ${Math.floor(Math.random() * 100000000)}`;\nlet email = `Email${Math.floor(Math.random() * 100000000)}@qa.com`;\nlet password = `Password ${Math.floor(Math.random() * 100000000)}`;\ncy.cadastrarUsuario(nome, email, password, \"true\").then(response => {\n  let id = response.body._id;\n  cy.request({\n    method: 'PUT',\n    url: `usuarios/${id}`,\n    body: {\n      \"nome\": nome,\n      \"email\": email,\n      \"password\": password,\n      \"administrador\": \"true\"\n    }\n  }).then(response => {\n    expect(response.body.message).to.equal('Registro alterado com sucesso');\n  });\n});",
              "err": {},
              "uuid": "1aa36d3c-584e-4e9f-882b-9a25d68f3761",
              "parentUUID": "88755bdc-b9c8-4a15-9725-44c9fbdfd51d",
              "isHook": false,
              "skipped": false
            },
            {
              "title": "Deve deletar um usuário previamente cadastrado",
              "fullTitle": "Testes da Funcionalidade Usuários Deve deletar um usuário previamente cadastrado",
              "timedOut": null,
              "duration": 30,
              "state": "passed",
              "speed": "fast",
              "pass": true,
              "fail": false,
              "pending": false,
              "context": null,
              "code": "let nome = `User ${Math.floor(Math.random() * 100000000)}`;\nlet email = `Email${Math.floor(Math.random() * 100000000)}@qa.com`;\nlet password = `Password ${Math.floor(Math.random() * 100000000)}`;\ncy.cadastrarUsuario(nome, email, password, \"true\").then(response => {\n  let id = response.body._id;\n  cy.request({\n    method: 'DELETE',\n    url: `usuarios/${id}`\n  }).then(response => {\n    expect(response.body.message).to.equal('Registro excluído com sucesso');\n    expect(response.status).to.equal(200);\n  });\n});",
              "err": {},
              "uuid": "d54a4a2c-97d6-4bfb-bb38-5148b05cb05b",
              "parentUUID": "88755bdc-b9c8-4a15-9725-44c9fbdfd51d",
              "isHook": false,
              "skipped": false
            }
          ],
          "suites": [],
          "passes": [
            "7bfbb0d5-1c95-4252-a647-2bf065f23726",
            "7823d408-a34d-410d-892e-756ffa8778e3",
            "dac78747-d24a-4b38-ae25-0f961b43f58a",
            "3db462cd-56da-4542-9369-6b14b2f4edbc",
            "234bdc8e-0f97-42f8-9e75-8a542dee78cb",
            "1aa36d3c-584e-4e9f-882b-9a25d68f3761",
            "d54a4a2c-97d6-4bfb-bb38-5148b05cb05b"
          ],
          "failures": [],
          "pending": [],
          "skipped": [],
          "duration": 189,
          "root": false,
          "rootEmpty": false,
          "_timeout": 2000
        }
      ],
      "passes": [],
      "failures": [],
      "pending": [],
      "skipped": [],
      "duration": 0,
      "root": true,
      "rootEmpty": true,
      "_timeout": 2000
    },
    {
      "uuid": "ab34de1c-960b-438e-b5ee-2743dec94f20",
      "title": "",
      "fullFile": "cypress/integration/exercicio-api.spec.js",
      "file": "cypress/integration/exercicio-api.spec.js",
      "beforeHooks": [],
      "afterHooks": [],
      "tests": [],
      "suites": [
        {
          "uuid": "16937166-d0a8-4d91-a46e-772b00099bb3",
          "title": "Testes da Funcionalidade Usuários",
          "fullFile": "",
          "file": "",
          "beforeHooks": [],
          "afterHooks": [],
          "tests": [
            {
              "title": "Deve validar contrato de usuários",
              "fullTitle": "Testes da Funcionalidade Usuários Deve validar contrato de usuários",
              "timedOut": null,
              "duration": 22,
              "state": "passed",
              "speed": "fast",
              "pass": true,
              "fail": false,
              "pending": false,
              "context": null,
              "code": "//TODO:",
              "err": {},
              "uuid": "c3303fa3-53f8-4644-a46b-d75d32ab592f",
              "parentUUID": "16937166-d0a8-4d91-a46e-772b00099bb3",
              "isHook": false,
              "skipped": false
            },
            {
              "title": "Deve listar usuários cadastrados",
              "fullTitle": "Testes da Funcionalidade Usuários Deve listar usuários cadastrados",
              "timedOut": null,
              "duration": 6,
              "state": "passed",
              "speed": "fast",
              "pass": true,
              "fail": false,
              "pending": false,
              "context": null,
              "code": "//TODO:",
              "err": {},
              "uuid": "2c919ebf-bb81-4ded-8af6-4b10a13af89c",
              "parentUUID": "16937166-d0a8-4d91-a46e-772b00099bb3",
              "isHook": false,
              "skipped": false
            },
            {
              "title": "Deve cadastrar um usuário com sucesso",
              "fullTitle": "Testes da Funcionalidade Usuários Deve cadastrar um usuário com sucesso",
              "timedOut": null,
              "duration": 9,
              "state": "passed",
              "speed": "fast",
              "pass": true,
              "fail": false,
              "pending": false,
              "context": null,
              "code": "//TODO:",
              "err": {},
              "uuid": "09b4ca46-3c10-4177-bb03-363bc8713715",
              "parentUUID": "16937166-d0a8-4d91-a46e-772b00099bb3",
              "isHook": false,
              "skipped": false
            },
            {
              "title": "Deve validar um usuário com email inválido",
              "fullTitle": "Testes da Funcionalidade Usuários Deve validar um usuário com email inválido",
              "timedOut": null,
              "duration": 6,
              "state": "passed",
              "speed": "fast",
              "pass": true,
              "fail": false,
              "pending": false,
              "context": null,
              "code": "//TODO:",
              "err": {},
              "uuid": "8146bd54-442d-445f-982e-c761bf0cd938",
              "parentUUID": "16937166-d0a8-4d91-a46e-772b00099bb3",
              "isHook": false,
              "skipped": false
            },
            {
              "title": "Deve editar um usuário previamente cadastrado",
              "fullTitle": "Testes da Funcionalidade Usuários Deve editar um usuário previamente cadastrado",
              "timedOut": null,
              "duration": 10,
              "state": "passed",
              "speed": "fast",
              "pass": true,
              "fail": false,
              "pending": false,
              "context": null,
              "code": "//TODO:",
              "err": {},
              "uuid": "579da94a-dcc8-42f3-98e8-72f5ae72d5b0",
              "parentUUID": "16937166-d0a8-4d91-a46e-772b00099bb3",
              "isHook": false,
              "skipped": false
            },
            {
              "title": "Deve deletar um usuário previamente cadastrado",
              "fullTitle": "Testes da Funcionalidade Usuários Deve deletar um usuário previamente cadastrado",
              "timedOut": null,
              "duration": 8,
              "state": "passed",
              "speed": "fast",
              "pass": true,
              "fail": false,
              "pending": false,
              "context": null,
              "code": "//TODO:",
              "err": {},
              "uuid": "1167e172-2ce1-4a8f-a514-15815093716e",
              "parentUUID": "16937166-d0a8-4d91-a46e-772b00099bb3",
              "isHook": false,
              "skipped": false
            }
          ],
          "suites": [],
          "passes": [
            "c3303fa3-53f8-4644-a46b-d75d32ab592f",
            "2c919ebf-bb81-4ded-8af6-4b10a13af89c",
            "09b4ca46-3c10-4177-bb03-363bc8713715",
            "8146bd54-442d-445f-982e-c761bf0cd938",
            "579da94a-dcc8-42f3-98e8-72f5ae72d5b0",
            "1167e172-2ce1-4a8f-a514-15815093716e"
          ],
          "failures": [],
          "pending": [],
          "skipped": [],
          "duration": 61,
          "root": false,
          "rootEmpty": false,
          "_timeout": 2000
        }
      ],
      "passes": [],
      "failures": [],
      "pending": [],
      "skipped": [],
      "duration": 0,
      "root": true,
      "rootEmpty": true,
      "_timeout": 2000
    },
    {
      "uuid": "843b7e6b-c297-4cd0-b15f-17114c6cf837",
      "title": "",
      "fullFile": "cypress/integration/login.spec.js",
      "file": "cypress/integration/login.spec.js",
      "beforeHooks": [],
      "afterHooks": [],
      "tests": [],
      "suites": [
        {
          "uuid": "7444e647-114f-4701-bca1-25c5076409b0",
          "title": "Login",
          "fullFile": "",
          "file": "",
          "beforeHooks": [],
          "afterHooks": [],
          "tests": [
            {
              "title": "Deve fazer login com sucesso",
              "fullTitle": "Login Deve fazer login com sucesso",
              "timedOut": null,
              "duration": 71,
              "state": "passed",
              "speed": "medium",
              "pass": true,
              "fail": false,
              "pending": false,
              "context": null,
              "code": "cy.request({\n  method: 'POST',\n  url: 'login',\n  body: {\n    \"email\": \"fulano@qa.com\",\n    \"password\": \"teste\"\n  }\n}).then(response => {\n  expect(response.status).to.equal(200);\n  expect(response.body.message).to.equal('Login realizado com sucesso');\n  cy.log(response.body.authorization);\n});",
              "err": {},
              "uuid": "673894fe-de25-40fe-ac79-ef80fad7e601",
              "parentUUID": "7444e647-114f-4701-bca1-25c5076409b0",
              "isHook": false,
              "skipped": false
            }
          ],
          "suites": [],
          "passes": [
            "673894fe-de25-40fe-ac79-ef80fad7e601"
          ],
          "failures": [],
          "pending": [],
          "skipped": [],
          "duration": 71,
          "root": false,
          "rootEmpty": false,
          "_timeout": 2000
        }
      ],
      "passes": [],
      "failures": [],
      "pending": [],
      "skipped": [],
      "duration": 0,
      "root": true,
      "rootEmpty": true,
      "_timeout": 2000
    },
    {
      "uuid": "1e0f242f-b05f-43bd-9a89-46e309f34bb4",
      "title": "",
      "fullFile": "cypress/integration/produtos.spec.js",
      "file": "cypress/integration/produtos.spec.js",
      "beforeHooks": [],
      "afterHooks": [],
      "tests": [],
      "suites": [
        {
          "uuid": "505f62f8-8b40-4f38-9f03-ba335d3cc12e",
          "title": "Testes da Funcionalidade Produtos",
          "fullFile": "",
          "file": "",
          "beforeHooks": [],
          "afterHooks": [],
          "tests": [
            {
              "title": "Deve validar contrato de produtos",
              "fullTitle": "Testes da Funcionalidade Produtos Deve validar contrato de produtos",
              "timedOut": null,
              "duration": 75,
              "state": "passed",
              "speed": "medium",
              "pass": true,
              "fail": false,
              "pending": false,
              "context": null,
              "code": "cy.request('produtos').then(response => {\n  return _produtos.default.validateAsync(response.body);\n});",
              "err": {},
              "uuid": "866aee70-7566-4da8-a426-8129e9163ed5",
              "parentUUID": "505f62f8-8b40-4f38-9f03-ba335d3cc12e",
              "isHook": false,
              "skipped": false
            },
            {
              "title": "Deve listar os produtos cadastrados",
              "fullTitle": "Testes da Funcionalidade Produtos Deve listar os produtos cadastrados",
              "timedOut": null,
              "duration": 25,
              "state": "passed",
              "speed": "fast",
              "pass": true,
              "fail": false,
              "pending": false,
              "context": null,
              "code": "cy.request({\n  method: 'GET',\n  url: 'produtos'\n}).then(response => {\n  //expect(response.body.produtos[9].nome).to.equal('Produto EBAC 436746')\n  expect(response.status).to.equal(200);\n  expect(response.body).to.have.property('produtos');\n  expect(response.duration).to.be.lessThan(20);\n});",
              "err": {},
              "uuid": "8cdc29f0-2539-4124-9462-01575e32d991",
              "parentUUID": "505f62f8-8b40-4f38-9f03-ba335d3cc12e",
              "isHook": false,
              "skipped": false
            },
            {
              "title": "Deve cadastrar um produto com sucesso",
              "fullTitle": "Testes da Funcionalidade Produtos Deve cadastrar um produto com sucesso",
              "timedOut": null,
              "duration": 25,
              "state": "passed",
              "speed": "fast",
              "pass": true,
              "fail": false,
              "pending": false,
              "context": null,
              "code": "let produto = `Produto EBAC ${Math.floor(Math.random() * 100000000)}`;\ncy.request({\n  method: 'POST',\n  url: 'produtos',\n  body: {\n    \"nome\": produto,\n    \"preco\": 200,\n    \"descricao\": \"Produto novo\",\n    \"quantidade\": 100\n  },\n  headers: {\n    authorization: token\n  }\n}).then(response => {\n  expect(response.status).to.equal(201);\n  expect(response.body.message).to.equal('Cadastro realizado com sucesso');\n});",
              "err": {},
              "uuid": "d3156ca3-17c8-4734-a15d-92bd0bfd8b7e",
              "parentUUID": "505f62f8-8b40-4f38-9f03-ba335d3cc12e",
              "isHook": false,
              "skipped": false
            },
            {
              "title": "Deve validar mensagem de erro ao cadastrar produto repetido",
              "fullTitle": "Testes da Funcionalidade Produtos Deve validar mensagem de erro ao cadastrar produto repetido",
              "timedOut": null,
              "duration": 22,
              "state": "passed",
              "speed": "fast",
              "pass": true,
              "fail": false,
              "pending": false,
              "context": null,
[...]
              "fullTitle": "Testes da Funcionalidade Produtos Deve validar mensagem de erro ao cadastrar produto repetido",
              "timedOut": null,
              "duration": 21,
              "state": "passed",
              "speed": "fast",
              "pass": true,
              "fail": false,
              "pending": false,
              "context": null,
              "code": "cy.cadastrarProduto(token, 'Produto EBAC Novo 1', 250, \"Descrição do produto novo\", 180).then(response => {\n  expect(response.status).to.equal(400);\n  expect(response.body.message).to.equal('Já existe produto com esse nome');\n});",
              "err": {},
              "uuid": "a53d10a8-d4c6-419c-a500-948d3790570c",
              "parentUUID": "409a25e2-2e9a-4b41-b088-f99e07e1fc6b",
              "isHook": false,
              "skipped": false
            },
            {
              "title": "Deve editar um produto já cadastrado",
              "fullTitle": "Testes da Funcionalidade Produtos Deve editar um produto já cadastrado",
              "timedOut": null,
              "duration": 29,
              "state": "passed",
              "speed": "fast",
              "pass": true,
              "fail": false,
              "pending": false,
              "context": null,
              "code": "cy.request('produtos').then(response => {\n  let id = response.body.produtos[0]._id;\n  cy.request({\n    method: 'PUT',\n    url: `produtos/${id}`,\n    headers: {\n      authorization: token\n    },\n    body: {\n      \"nome\": \"Produto Editado 45083\",\n      \"preco\": 100,\n      \"descricao\": \"Produto editado\",\n      \"quantidade\": 100\n    }\n  }).then(response => {\n    expect(response.body.message).to.equal('Registro alterado com sucesso');\n  });\n});",
              "err": {},
              "uuid": "30fd0599-e781-4ac9-89f6-11cfaa73f05a",
              "parentUUID": "409a25e2-2e9a-4b41-b088-f99e07e1fc6b",
              "isHook": false,
              "skipped": false
            },
            {
              "title": "Deve editar um produto cadastrado previamente",
              "fullTitle": "Testes da Funcionalidade Produtos Deve editar um produto cadastrado previamente",
              "timedOut": null,
              "duration": 32,
              "state": "passed",
              "speed": "fast",
              "pass": true,
              "fail": false,
              "pending": false,
              "context": null,
              "code": "let produto = `Produto EBAC ${Math.floor(Math.random() * 100000000)}`;\ncy.cadastrarProduto(token, produto, 250, \"Descrição do produto novo\", 180).then(response => {\n  let id = response.body._id;\n  cy.request({\n    method: 'PUT',\n    url: `produtos/${id}`,\n    headers: {\n      authorization: token\n    },\n    body: {\n      \"nome\": produto,\n      \"preco\": 200,\n      \"descricao\": \"Produto editado\",\n      \"quantidade\": 300\n    }\n  }).then(response => {\n    expect(response.body.message).to.equal('Registro alterado com sucesso');\n  });\n});",
              "err": {},
              "uuid": "81e930e3-0b50-4151-991c-b9314caafca6",
              "parentUUID": "409a25e2-2e9a-4b41-b088-f99e07e1fc6b",
              "isHook": false,
              "skipped": false
            },
            {
              "title": "Deve deletar um produto previamente cadastrado",
              "fullTitle": "Testes da Funcionalidade Produtos Deve deletar um produto previamente cadastrado",
              "timedOut": null,
              "duration": 30,
              "state": "passed",
              "speed": "fast",
              "pass": true,
              "fail": false,
              "pending": false,
              "context": null,
              "code": "let produto = `Produto EBAC ${Math.floor(Math.random() * 100000000)}`;\ncy.cadastrarProduto(token, produto, 250, \"Descrição do produto novo\", 180).then(response => {\n  let id = response.body._id;\n  cy.request({\n    method: 'DELETE',\n    url: `produtos/${id}`,\n    headers: {\n      authorization: token\n    }\n  }).then(response => {\n    expect(response.body.message).to.equal('Registro excluído com sucesso');\n    expect(response.status).to.equal(200);\n  });\n});",
              "err": {},
              "uuid": "ba0e836b-2ef0-4141-8a9a-df6c346dbd7f",
              "parentUUID": "409a25e2-2e9a-4b41-b088-f99e07e1fc6b",
              "isHook": false,
              "skipped": false
            }
          ],
          "suites": [],
          "passes": [
            "495dbda1-a500-47ac-94ef-9e49043d3aa3",
            "565e8d30-0597-4576-89f4-388231267976",
            "7024dcc1-e270-416f-a7b8-449bd84851fd",
            "a53d10a8-d4c6-419c-a500-948d3790570c",
            "30fd0599-e781-4ac9-89f6-11cfaa73f05a",
            "81e930e3-0b50-4151-991c-b9314caafca6",
            "ba0e836b-2ef0-4141-8a9a-df6c346dbd7f"
          ],
          "failures": [],
          "pending": [],
          "skipped": [],
          "duration": 226,
          "root": false,
          "rootEmpty": false,
          "_timeout": 2000
        }
      ],
      "passes": [],
      "failures": [],
      "pending": [],
      "skipped": [],
      "duration": 0,
      "root": true,
      "rootEmpty": true,
      "_timeout": 2000
    },
    {
      "uuid": "7cd1af5b-bdbb-46bc-832e-94f50bf2271b",
      "title": "",
      "fullFile": "cypress/integration/usuarios.spec.js",
      "file": "cypress/integration/usuarios.spec.js",
      "beforeHooks": [],
      "afterHooks": [],
      "tests": [],
      "suites": [
        {
          "uuid": "39a6165e-927b-4c32-ac12-ec69d13c95ad",
          "title": "Testes da Funcionalidade Usuários",
          "fullFile": "",
          "file": "",
          "beforeHooks": [],
          "afterHooks": [],
          "tests": [
            {
              "title": "Deve validar contrato de usuarios",
              "fullTitle": "Testes da Funcionalidade Usuários Deve validar contrato de usuarios",
              "timedOut": null,
              "duration": 38,
              "state": "passed",
              "speed": "medium",
              "pass": true,
              "fail": false,
              "pending": false,
              "context": null,
              "code": "cy.request('usuarios').then(response => {\n  return _usuarios.default.validateAsync(response.body);\n});",
              "err": {},
              "uuid": "03f199fd-91b5-4e84-a968-d49d5b41ba2a",
              "parentUUID": "39a6165e-927b-4c32-ac12-ec69d13c95ad",
              "isHook": false,
              "skipped": false
            },
            {
              "title": "Deve listar usuários cadastrados",
              "fullTitle": "Testes da Funcionalidade Usuários Deve listar usuários cadastrados",
              "timedOut": null,
              "duration": 31,
              "state": "passed",
              "speed": "fast",
              "pass": true,
              "fail": false,
              "pending": false,
              "context": null,
              "code": "cy.request({\n  method: 'GET',\n  url: 'usuarios'\n}).then(response => {\n  //expect(response.body.usuarios[0].nome).to.equal('Fulano da Silva')\n  expect(response.status).to.equal(200);\n  expect(response.body).to.have.property('usuarios');\n  expect(response.duration).to.be.lessThan(20);\n});",
              "err": {},
              "uuid": "cc092571-5f81-47e5-999e-59db007d0119",
              "parentUUID": "39a6165e-927b-4c32-ac12-ec69d13c95ad",
              "isHook": false,
              "skipped": false
            },
            {
              "title": "Deve cadastrar um usuário com sucesso",
              "fullTitle": "Testes da Funcionalidade Usuários Deve cadastrar um usuário com sucesso",
              "timedOut": null,
              "duration": 25,
              "state": "passed",
              "speed": "fast",
              "pass": true,
              "fail": false,
              "pending": false,
              "context": null,
              "code": "let name = `User ${Math.floor(Math.random() * 100000000)}`;\nlet email = `Email${Math.floor(Math.random() * 100000000)}@qa.com`;\nlet password = `Password ${Math.floor(Math.random() * 100000000)}`;\ncy.request({\n  method: 'POST',\n  url: 'usuarios',\n  body: {\n    \"nome\": name,\n    \"email\": email,\n    \"password\": password,\n    \"administrador\": \"true\"\n  }\n}).then(response => {\n  expect(response.status).to.equal(201);\n  expect(response.body.message).to.equal('Cadastro realizado com sucesso');\n});",
              "err": {},
              "uuid": "2e2d4175-0ac9-4c19-9035-19151a6bdd00",
              "parentUUID": "39a6165e-927b-4c32-ac12-ec69d13c95ad",
              "isHook": false,
              "skipped": false
            },
            {
              "title": "Deve validar um usuário com email inválido",
              "fullTitle": "Testes da Funcionalidade Usuários Deve validar um usuário com email inválido",
              "timedOut": null,
              "duration": 7,
              "state": "passed",
              "speed": "fast",
              "pass": true,
              "fail": false,
              "pending": false,
              "context": null,
              "code": "//TODO:",
              "err": {},
              "uuid": "c5a7436f-d54a-4b01-a4b5-1a22a509e2b4",
              "parentUUID": "39a6165e-927b-4c32-ac12-ec69d13c95ad",
              "isHook": false,
              "skipped": false
            },
            {
              "title": "Deve validar um usuário com email inválido",
              "fullTitle": "Testes da Funcionalidade Usuários Deve validar um usuário com email inválido",
              "timedOut": null,
              "duration": 21,
              "state": "passed",
              "speed": "fast",
              "pass": true,
              "fail": false,
              "pending": false,
              "context": null,
              "code": "const invalidEmail = 'emailinvalido';\ncy.request({\n  method: 'POST',\n  url: '/usuarios',\n  body: {\n    \"nome\": \"Fulano da Silva\",\n    \"email\": invalidEmail,\n    \"password\": \"teste\",\n    \"administrador\": \"true\"\n  },\n  failOnStatusCode: false\n}).then(response => {\n  expect(response.status).to.equal(400);\n  expect(response.body.email).to.equal('email deve ser um email válido');\n});",
              "err": {},
              "uuid": "81634b32-8f6c-4d6b-b499-51270d58763f",
              "parentUUID": "39a6165e-927b-4c32-ac12-ec69d13c95ad",
              "isHook": false,
              "skipped": false
            },
            {
              "title": "Deve editar um usuário previamente cadastrado",
              "fullTitle": "Testes da Funcionalidade Usuários Deve editar um usuário previamente cadastrado",
              "timedOut": null,
              "duration": 35,
              "state": "passed",
              "speed": "fast",
              "pass": true,
              "fail": false,
              "pending": false,
              "context": null,
              "code": "let nome = `User ${Math.floor(Math.random() * 100000000)}`;\nlet email = `Email${Math.floor(Math.random() * 100000000)}@qa.com`;\nlet password = `Password ${Math.floor(Math.random() * 100000000)}`;\ncy.cadastrarUsuario(nome, email, password, \"true\").then(response => {\n  let id = response.body._id;\n  cy.request({\n    method: 'PUT',\n    url: `usuarios/${id}`,\n    body: {\n      \"nome\": nome,\n      \"email\": email,\n      \"password\": password,\n      \"administrador\": \"true\"\n    }\n  }).then(response => {\n    expect(response.body.message).to.equal('Registro alterado com sucesso');\n  });\n});",
              "err": {},
              "uuid": "a4352633-aca7-4115-896c-71d737ab50ee",
              "parentUUID": "39a6165e-927b-4c32-ac12-ec69d13c95ad",
              "isHook": false,
              "skipped": false
            },
            {
              "title": "Deve deletar um usuário previamente cadastrado",
              "fullTitle": "Testes da Funcionalidade Usuários Deve deletar um usuário previamente cadastrado",
              "timedOut": null,
              "duration": 29,
              "state": "passed",
              "speed": "fast",
              "pass": true,
              "fail": false,
              "pending": false,
              "context": null,
              "code": "let nome = `User ${Math.floor(Math.random() * 100000000)}`;\nlet email = `Email${Math.floor(Math.random() * 100000000)}@qa.com`;\nlet password = `Password ${Math.floor(Math.random() * 100000000)}`;\ncy.cadastrarUsuario(nome, email, password, \"true\").then(response => {\n  let id = response.body._id;\n  cy.request({\n    method: 'DELETE',\n    url: `usuarios/${id}`\n  }).then(response => {\n    expect(response.body.message).to.equal('Registro excluído com sucesso');\n    expect(response.status).to.equal(200);\n  });\n});",
              "err": {},
              "uuid": "cf33e380-2de4-47e2-bdbc-e81aa8f49c61",
              "parentUUID": "39a6165e-927b-4c32-ac12-ec69d13c95ad",
              "isHook": false,
              "skipped": false
            }
          ],
          "suites": [],
          "passes": [
            "03f199fd-91b5-4e84-a968-d49d5b41ba2a",
            "cc092571-5f81-47e5-999e-59db007d0119",
            "2e2d4175-0ac9-4c19-9035-19151a6bdd00",
            "c5a7436f-d54a-4b01-a4b5-1a22a509e2b4",
            "81634b32-8f6c-4d6b-b499-51270d58763f",
            "a4352633-aca7-4115-896c-71d737ab50ee",
            "cf33e380-2de4-47e2-bdbc-e81aa8f49c61"
          ],
          "failures": [],
          "pending": [],
          "skipped": [],
          "duration": 186,
          "root": false,
          "rootEmpty": false,
          "_timeout": 2000
        }
      ],
      "passes": [],
      "failures": [],
      "pending": [],
      "skipped": [],
      "duration": 0,
      "root": true,
      "rootEmpty": true,
      "_timeout": 2000
    },
    {
      "uuid": "3c38ef72-c47e-49fb-b366-844cd9bf79f7",
      "title": "",
      "fullFile": "cypress/integration/exercicio-api.spec.js",
      "file": "cypress/integration/exercicio-api.spec.js",
      "beforeHooks": [],
      "afterHooks": [],
      "tests": [],
      "suites": [
        {
          "uuid": "397e047e-beaf-4ad1-a4c4-95d0e0588d13",
          "title": "Testes da Funcionalidade Usuários",
          "fullFile": "",
          "file": "",
          "beforeHooks": [],
          "afterHooks": [],
          "tests": [
            {
              "title": "Deve validar contrato de usuários",
              "fullTitle": "Testes da Funcionalidade Usuários Deve validar contrato de usuários",
              "timedOut": null,
              "duration": 23,
              "state": "passed",
              "speed": "fast",
              "pass": true,
              "fail": false,
              "pending": false,
              "context": null,
              "code": "//TODO:",
              "err": {},
              "uuid": "34565e8e-eb97-48b2-a348-9b06af29fa43",
              "parentUUID": "397e047e-beaf-4ad1-a4c4-95d0e0588d13",
              "isHook": false,
              "skipped": false
            },
            {
              "title": "Deve listar usuários cadastrados",
              "fullTitle": "Testes da Funcionalidade Usuários Deve listar usuários cadastrados",
              "timedOut": null,
              "duration": 8,
              "state": "passed",
              "speed": "fast",
              "pass": true,
              "fail": false,
              "pending": false,
              "context": null,
              "code": "//TODO:",
              "err": {},
              "uuid": "34afae83-b3db-4de9-9ed4-10bc4377987d",
              "parentUUID": "397e047e-beaf-4ad1-a4c4-95d0e0588d13",
              "isHook": false,
              "skipped": false
            },
            {
              "title": "Deve cadastrar um usuário com sucesso",
              "fullTitle": "Testes da Funcionalidade Usuários Deve cadastrar um usuário com sucesso",
              "timedOut": null,
              "duration": 10,
              "state": "passed",
              "speed": "fast",
              "pass": true,
              "fail": false,
              "pending": false,
              "context": null,
              "code": "//TODO:",
              "err": {},
              "uuid": "07b9c2cb-69a1-40cf-a7c0-1f7f00ec3595",
              "parentUUID": "397e047e-beaf-4ad1-a4c4-95d0e0588d13",
              "isHook": false,
              "skipped": false
            },
            {
              "title": "Deve validar um usuário com email inválido",
              "fullTitle": "Testes da Funcionalidade Usuários Deve validar um usuário com email inválido",
              "timedOut": null,
              "duration": 10,
              "state": "passed",
              "speed": "fast",
              "pass": true,
              "fail": false,
              "pending": false,
              "context": null,
              "code": "//TODO:",
              "err": {},
              "uuid": "0b473f64-066e-415d-bc5f-0201907fa93b",
              "parentUUID": "397e047e-beaf-4ad1-a4c4-95d0e0588d13",
              "isHook": false,
              "skipped": false
            },
            {
              "title": "Deve editar um usuário previamente cadastrado",
              "fullTitle": "Testes da Funcionalidade Usuários Deve editar um usuário previamente cadastrado",
              "timedOut": null,
              "duration": 9,
              "state": "passed",
              "speed": "fast",
              "pass": true,
              "fail": false,
              "pending": false,
              "context": null,
              "code": "//TODO:",
              "err": {},
              "uuid": "27c4bab9-a515-47e7-92bd-9387832bba52",
              "parentUUID": "397e047e-beaf-4ad1-a4c4-95d0e0588d13",
              "isHook": false,
              "skipped": false
            },
            {
              "title": "Deve deletar um usuário previamente cadastrado",
              "fullTitle": "Testes da Funcionalidade Usuários Deve deletar um usuário previamente cadastrado",
              "timedOut": null,
              "duration": 7,
              "state": "passed",
              "speed": "fast",
              "pass": true,
              "fail": false,
              "pending": false,
              "context": null,
              "code": "//TODO:",
              "err": {},
              "uuid": "3a9e05c5-0b59-42f1-80af-dab9d37f495d",
              "parentUUID": "397e047e-beaf-4ad1-a4c4-95d0e0588d13",
              "isHook": false,
              "skipped": false
            }
          ],
          "suites": [],
          "passes": [
            "34565e8e-eb97-48b2-a348-9b06af29fa43",
            "34afae83-b3db-4de9-9ed4-10bc4377987d",
            "07b9c2cb-69a1-40cf-a7c0-1f7f00ec3595",
            "0b473f64-066e-415d-bc5f-0201907fa93b",
            "27c4bab9-a515-47e7-92bd-9387832bba52",
            "3a9e05c5-0b59-42f1-80af-dab9d37f495d"
          ],
          "failures": [],
          "pending": [],
          "skipped": [],
          "duration": 67,
          "root": false,
          "rootEmpty": false,
          "_timeout": 2000
        }
      ],
      "passes": [],
      "failures": [],
      "pending": [],
      "skipped": [],
      "duration": 0,
      "root": true,
      "rootEmpty": true,
      "_timeout": 2000
    }
  ],
  "meta": {
    "mocha": {
      "version": "7.0.1"
    },
    "mochawesome": {
      "options": {
        "quiet": false,
        "reportFilename": "mochawesome",
        "saveHtml": false,
        "saveJson": true,
        "consoleReporter": "spec",
        "useInlineDiffs": false,
        "code": true
      },
      "version": "6.2.2"
    },
    "marge": {
      "options": {
        "reportDir": "mochawesome-report",
        "overwrite": false,
        "html": false,
        "json": true
      },
      "version": "5.2.0"
    }
  }
}